0 verbose cli C:\Program Files\nodejs\node.exe C:\Program Files\nodejs\node_modules\npm\bin\npm-cli.js
1 info using npm@10.9.0
2 info using node@v23.3.0
3 silly config load:file:C:\Program Files\nodejs\node_modules\npm\npmrc
4 silly config load:file:C:\Users\saadr\Desktop\UserFlow\App\feedback-platform\.npmrc
5 silly config load:file:C:\Users\saadr\.npmrc
6 silly config load:file:C:\Users\saadr\AppData\Roaming\npm\etc\npmrc
7 verbose title npm install @radix-ui/react-slot @radix-ui/react-label @radix-ui/react-avatar @radix-ui/react-dropdown-menu
8 verbose argv "install" "--force" "@radix-ui/react-slot" "@radix-ui/react-label" "@radix-ui/react-avatar" "@radix-ui/react-dropdown-menu"
9 verbose logfile logs-max:10 dir:C:\Users\saadr\Desktop\UserFlow\App\feedback-platform\%APPDATA%\npm-cache\_logs\2024-12-04T20_35_36_169Z-
10 verbose logfile C:\Users\saadr\Desktop\UserFlow\App\feedback-platform\%APPDATA%\npm-cache\_logs\2024-12-04T20_35_36_169Z-debug-0.log
11 warn using --force Recommended protections disabled.
12 silly logfile start cleaning logs, removing 1 files
13 silly packumentCache heap:4345298944 maxSize:1086324736 maxEntrySize:543162368
14 silly logfile done cleaning log files
15 silly idealTree buildDeps
16 silly fetch manifest @radix-ui/react-avatar@^1.1.1
17 silly packumentCache full:https://registry.npmjs.org/@radix-ui%2freact-avatar cache-miss
18 http fetch GET 200 https://registry.npmjs.org/@radix-ui%2freact-avatar 138ms (cache hit)
19 silly packumentCache full:https://registry.npmjs.org/@radix-ui%2freact-avatar set size:492771 disposed:false
20 silly fetch manifest @types/react@^18
21 silly packumentCache full:https://registry.npmjs.org/@types%2freact cache-miss
22 http fetch GET 200 https://registry.npmjs.org/@types%2freact 11ms (cache hit)
23 silly packumentCache full:https://registry.npmjs.org/@types%2freact set size:2228647 disposed:false
24 silly fetch manifest @types/react-dom@^18
25 silly packumentCache full:https://registry.npmjs.org/@types%2freact-dom cache-miss
26 http fetch GET 200 https://registry.npmjs.org/@types%2freact-dom 10ms (cache hit)
27 silly packumentCache full:https://registry.npmjs.org/@types%2freact-dom set size:350546 disposed:false
28 silly fetch manifest react@19.0.0-rc-66855b96-20241106
29 silly packumentCache full:https://registry.npmjs.org/react cache-miss
30 http fetch GET 200 https://registry.npmjs.org/react 18ms (cache hit)
31 silly packumentCache full:https://registry.npmjs.org/react set size:5200078 disposed:false
32 silly fetch manifest react-dom@19.0.0-rc-66855b96-20241106
33 silly packumentCache full:https://registry.npmjs.org/react-dom cache-miss
34 http fetch GET 200 https://registry.npmjs.org/react-dom 20ms (cache hit)
35 silly packumentCache full:https://registry.npmjs.org/react-dom set size:6390145 disposed:false
36 silly fetch manifest @radix-ui/react-dropdown-menu@^2.1.2
37 silly packumentCache full:https://registry.npmjs.org/@radix-ui%2freact-dropdown-menu cache-miss
38 http fetch GET 200 https://registry.npmjs.org/@radix-ui%2freact-dropdown-menu 10ms (cache hit)
39 silly packumentCache full:https://registry.npmjs.org/@radix-ui%2freact-dropdown-menu set size:730085 disposed:false
40 silly fetch manifest @radix-ui/react-label@^2.1.0
41 silly packumentCache full:https://registry.npmjs.org/@radix-ui%2freact-label cache-miss
42 http fetch GET 200 https://registry.npmjs.org/@radix-ui%2freact-label 12ms (cache hit)
43 silly packumentCache full:https://registry.npmjs.org/@radix-ui%2freact-label set size:452916 disposed:false
44 silly fetch manifest @radix-ui/react-slot@^1.1.0
45 silly packumentCache full:https://registry.npmjs.org/@radix-ui%2freact-slot cache-miss
46 http fetch GET 200 https://registry.npmjs.org/@radix-ui%2freact-slot 7ms (cache hit)
47 silly packumentCache full:https://registry.npmjs.org/@radix-ui%2freact-slot set size:272432 disposed:false
48 silly placeDep ROOT @radix-ui/react-avatar@1.1.1 REPLACE for: feedback-platform@0.1.0 want: ^1.1.1
49 silly placeDep ROOT @radix-ui/react-dropdown-menu@2.1.2 REPLACE for: feedback-platform@0.1.0 want: ^2.1.2
50 silly placeDep ROOT @radix-ui/react-label@2.1.0 REPLACE for: feedback-platform@0.1.0 want: ^2.1.0
51 silly placeDep ROOT @radix-ui/react-slot@1.1.0 REPLACE for: feedback-platform@0.1.0 want: ^1.1.0
52 silly fetch manifest react@^16.8.0 || ^17.0.0 || ^18.0.0
53 silly packumentCache full:https://registry.npmjs.org/react cache-miss
54 http fetch GET 200 https://registry.npmjs.org/react 21ms (cache hit)
55 silly packumentCache full:https://registry.npmjs.org/react set size:5200078 disposed:false
56 warn ERESOLVE overriding peer dependency {
56 warn ERESOLVE   code: 'ERESOLVE',
56 warn ERESOLVE   edge: {
56 warn ERESOLVE     type: 'peer',
56 warn ERESOLVE     name: 'react',
56 warn ERESOLVE     spec: '^16.8.0 || ^17.0.0 || ^18.0.0',
56 warn ERESOLVE     error: 'INVALID',
56 warn ERESOLVE     from: {
56 warn ERESOLVE       name: 'react-remove-scroll',
56 warn ERESOLVE       version: '2.6.0',
56 warn ERESOLVE       location: 'node_modules/@radix-ui/react-menu/node_modules/react-remove-scroll',
56 warn ERESOLVE       isWorkspace: false,
56 warn ERESOLVE       dependents: [Array]
56 warn ERESOLVE     }
56 warn ERESOLVE   },
56 warn ERESOLVE   dep: {
56 warn ERESOLVE     name: 'react',
56 warn ERESOLVE     version: '18.3.1',
56 warn ERESOLVE     whileInstalling: {
56 warn ERESOLVE       name: 'react-remove-scroll',
56 warn ERESOLVE       version: '2.6.0',
56 warn ERESOLVE       path: 'C:\\Users\\saadr\\Desktop\\UserFlow\\App\\feedback-platform\\node_modules\\@radix-ui\\react-menu\\node_modules\\react-remove-scroll'
56 warn ERESOLVE     },
56 warn ERESOLVE     location: 'node_modules/react',
56 warn ERESOLVE     isWorkspace: false,
56 warn ERESOLVE     dependents: [ [Object] ]
56 warn ERESOLVE   },
56 warn ERESOLVE   force: true,
56 warn ERESOLVE   isMine: false,
56 warn ERESOLVE   strictPeerDeps: false,
56 warn ERESOLVE   current: {
56 warn ERESOLVE     name: 'react',
56 warn ERESOLVE     version: '19.0.0-rc-66855b96-20241106',
56 warn ERESOLVE     location: 'node_modules/react',
56 warn ERESOLVE     isWorkspace: false,
56 warn ERESOLVE     dependents: [
56 warn ERESOLVE       [Object], [Object], [Object],
56 warn ERESOLVE       [Object], [Object], [Object],
56 warn ERESOLVE       [Object], [Object], [Object],
56 warn ERESOLVE       [Object], [Object], [Object],
56 warn ERESOLVE       [Object], [Object], [Object],
56 warn ERESOLVE       [Object], [Object], [Object],
56 warn ERESOLVE       [Object], [Object], [Object],
56 warn ERESOLVE       [Object], [Object], [Object],
56 warn ERESOLVE       [Object], [Object], [Object],
56 warn ERESOLVE       [Object], [Object], [Object],
56 warn ERESOLVE       [Object], [Object], [Object]
56 warn ERESOLVE     ]
56 warn ERESOLVE   },
56 warn ERESOLVE   peerConflict: {
56 warn ERESOLVE     current: {
56 warn ERESOLVE       name: 'react',
56 warn ERESOLVE       version: '19.0.0-rc-66855b96-20241106',
56 warn ERESOLVE       location: 'node_modules/react',
56 warn ERESOLVE       isWorkspace: false,
56 warn ERESOLVE       dependents: [Array]
56 warn ERESOLVE     },
56 warn ERESOLVE     peer: {
56 warn ERESOLVE       name: 'react',
56 warn ERESOLVE       version: '18.3.1',
56 warn ERESOLVE       whileInstalling: [Object],
56 warn ERESOLVE       location: 'node_modules/react',
56 warn ERESOLVE       isWorkspace: false,
56 warn ERESOLVE       dependents: [Array]
56 warn ERESOLVE     }
56 warn ERESOLVE   }
56 warn ERESOLVE }
57 silly fetch manifest react@>=16.8.0
58 silly packumentCache full:https://registry.npmjs.org/react cache-miss
59 http fetch GET 200 https://registry.npmjs.org/react 19ms (cache hit)
60 silly packumentCache full:https://registry.npmjs.org/react set size:5200078 disposed:false
61 silly fetch manifest react-dom@>=16.8.0
62 silly packumentCache full:https://registry.npmjs.org/react-dom cache-miss
63 http fetch GET 200 https://registry.npmjs.org/react-dom 21ms (cache hit)
64 silly packumentCache full:https://registry.npmjs.org/react-dom set size:6390145 disposed:false
65 warn ERESOLVE overriding peer dependency {
65 warn ERESOLVE   code: 'ERESOLVE',
65 warn ERESOLVE   edge: {
65 warn ERESOLVE     type: 'peer',
65 warn ERESOLVE     name: 'react',
65 warn ERESOLVE     spec: '>=16.8.0',
65 warn ERESOLVE     error: 'INVALID',
65 warn ERESOLVE     from: {
65 warn ERESOLVE       name: '@floating-ui/react-dom',
65 warn ERESOLVE       version: '2.1.2',
65 warn ERESOLVE       location: 'node_modules/@radix-ui/react-popper/node_modules/@floating-ui/react-dom',
65 warn ERESOLVE       isWorkspace: false,
65 warn ERESOLVE       dependents: [Array]
65 warn ERESOLVE     }
65 warn ERESOLVE   },
65 warn ERESOLVE   dep: {
65 warn ERESOLVE     name: 'react',
65 warn ERESOLVE     version: '18.3.1',
65 warn ERESOLVE     whileInstalling: {
65 warn ERESOLVE       name: '@floating-ui/react-dom',
65 warn ERESOLVE       version: '2.1.2',
65 warn ERESOLVE       path: 'C:\\Users\\saadr\\Desktop\\UserFlow\\App\\feedback-platform\\node_modules\\@radix-ui\\react-popper\\node_modules\\@floating-ui\\react-dom'
65 warn ERESOLVE     },
65 warn ERESOLVE     location: 'node_modules/react',
65 warn ERESOLVE     isWorkspace: false,
65 warn ERESOLVE     dependents: [ [Object] ]
65 warn ERESOLVE   },
65 warn ERESOLVE   force: true,
65 warn ERESOLVE   isMine: false,
65 warn ERESOLVE   strictPeerDeps: false,
65 warn ERESOLVE   current: {
65 warn ERESOLVE     name: 'react',
65 warn ERESOLVE     version: '19.0.0-rc-66855b96-20241106',
65 warn ERESOLVE     location: 'node_modules/react',
65 warn ERESOLVE     isWorkspace: false,
65 warn ERESOLVE     dependents: [
65 warn ERESOLVE       [Object], [Object], [Object],
65 warn ERESOLVE       [Object], [Object], [Object],
65 warn ERESOLVE       [Object], [Object], [Object],
65 warn ERESOLVE       [Object], [Object], [Object],
65 warn ERESOLVE       [Object], [Object], [Object],
65 warn ERESOLVE       [Object], [Object], [Object],
65 warn ERESOLVE       [Object], [Object], [Object],
65 warn ERESOLVE       [Object], [Object], [Object],
65 warn ERESOLVE       [Object], [Object], [Object],
65 warn ERESOLVE       [Object], [Object], [Object],
65 warn ERESOLVE       [Object], [Object], [Object]
65 warn ERESOLVE     ]
65 warn ERESOLVE   },
65 warn ERESOLVE   peerConflict: {
65 warn ERESOLVE     current: {
65 warn ERESOLVE       name: 'react',
65 warn ERESOLVE       version: '19.0.0-rc-66855b96-20241106',
65 warn ERESOLVE       location: 'node_modules/react',
65 warn ERESOLVE       isWorkspace: false,
65 warn ERESOLVE       dependents: [Array]
65 warn ERESOLVE     },
65 warn ERESOLVE     peer: {
65 warn ERESOLVE       name: 'react',
65 warn ERESOLVE       version: '18.3.1',
65 warn ERESOLVE       whileInstalling: [Object],
65 warn ERESOLVE       location: 'node_modules/react',
65 warn ERESOLVE       isWorkspace: false,
65 warn ERESOLVE       dependents: [Array]
65 warn ERESOLVE     }
65 warn ERESOLVE   }
65 warn ERESOLVE }
66 warn ERESOLVE overriding peer dependency {
66 warn ERESOLVE   code: 'ERESOLVE',
66 warn ERESOLVE   edge: {
66 warn ERESOLVE     type: 'peer',
66 warn ERESOLVE     name: 'react-dom',
66 warn ERESOLVE     spec: '>=16.8.0',
66 warn ERESOLVE     error: 'INVALID',
66 warn ERESOLVE     from: {
66 warn ERESOLVE       name: '@floating-ui/react-dom',
66 warn ERESOLVE       version: '2.1.2',
66 warn ERESOLVE       location: 'node_modules/@radix-ui/react-popper/node_modules/@floating-ui/react-dom',
66 warn ERESOLVE       isWorkspace: false,
66 warn ERESOLVE       dependents: [Array]
66 warn ERESOLVE     }
66 warn ERESOLVE   },
66 warn ERESOLVE   dep: {
66 warn ERESOLVE     name: 'react-dom',
66 warn ERESOLVE     version: '18.3.1',
66 warn ERESOLVE     whileInstalling: {
66 warn ERESOLVE       name: '@floating-ui/react-dom',
66 warn ERESOLVE       version: '2.1.2',
66 warn ERESOLVE       path: 'C:\\Users\\saadr\\Desktop\\UserFlow\\App\\feedback-platform\\node_modules\\@radix-ui\\react-popper\\node_modules\\@floating-ui\\react-dom'
66 warn ERESOLVE     },
66 warn ERESOLVE     location: 'node_modules/react-dom',
66 warn ERESOLVE     isWorkspace: false,
66 warn ERESOLVE     dependents: [ [Object] ]
66 warn ERESOLVE   },
66 warn ERESOLVE   force: true,
66 warn ERESOLVE   isMine: false,
66 warn ERESOLVE   strictPeerDeps: false,
66 warn ERESOLVE   current: {
66 warn ERESOLVE     name: 'react-dom',
66 warn ERESOLVE     version: '19.0.0-rc-66855b96-20241106',
66 warn ERESOLVE     location: 'node_modules/react-dom',
66 warn ERESOLVE     isWorkspace: false,
66 warn ERESOLVE     dependents: [
66 warn ERESOLVE       [Object], [Object],
66 warn ERESOLVE       [Object], [Object],
66 warn ERESOLVE       [Object], [Object],
66 warn ERESOLVE       [Object], [Object],
66 warn ERESOLVE       [Object], [Object],
66 warn ERESOLVE       [Object], [Object],
66 warn ERESOLVE       [Object], [Object],
66 warn ERESOLVE       [Object]
66 warn ERESOLVE     ]
66 warn ERESOLVE   },
66 warn ERESOLVE   peerConflict: {
66 warn ERESOLVE     current: {
66 warn ERESOLVE       name: 'react-dom',
66 warn ERESOLVE       version: '19.0.0-rc-66855b96-20241106',
66 warn ERESOLVE       location: 'node_modules/react-dom',
66 warn ERESOLVE       isWorkspace: false,
66 warn ERESOLVE       dependents: [Array]
66 warn ERESOLVE     },
66 warn ERESOLVE     peer: {
66 warn ERESOLVE       name: 'react-dom',
66 warn ERESOLVE       version: '18.3.1',
66 warn ERESOLVE       whileInstalling: [Object],
66 warn ERESOLVE       location: 'node_modules/react-dom',
66 warn ERESOLVE       isWorkspace: false,
66 warn ERESOLVE       dependents: [Array]
66 warn ERESOLVE     }
66 warn ERESOLVE   }
66 warn ERESOLVE }
67 warn ERESOLVE overriding peer dependency {
67 warn ERESOLVE   code: 'ERESOLVE',
67 warn ERESOLVE   edge: {
67 warn ERESOLVE     type: 'peer',
67 warn ERESOLVE     name: 'react',
67 warn ERESOLVE     spec: '^16.8.0 || ^17.0.0 || ^18.0.0',
67 warn ERESOLVE     error: 'INVALID',
67 warn ERESOLVE     from: {
67 warn ERESOLVE       name: 'react-remove-scroll-bar',
67 warn ERESOLVE       version: '2.3.6',
67 warn ERESOLVE       location: 'node_modules/@radix-ui/react-menu/node_modules/react-remove-scroll/node_modules/react-remove-scroll-bar',
67 warn ERESOLVE       isWorkspace: false,
67 warn ERESOLVE       dependents: [Array]
67 warn ERESOLVE     }
67 warn ERESOLVE   },
67 warn ERESOLVE   dep: {
67 warn ERESOLVE     name: 'react',
67 warn ERESOLVE     version: '18.3.1',
67 warn ERESOLVE     whileInstalling: {
67 warn ERESOLVE       name: 'react-remove-scroll-bar',
67 warn ERESOLVE       version: '2.3.6',
67 warn ERESOLVE       path: 'C:\\Users\\saadr\\Desktop\\UserFlow\\App\\feedback-platform\\node_modules\\@radix-ui\\react-menu\\node_modules\\react-remove-scroll\\node_modules\\react-remove-scroll-bar'
67 warn ERESOLVE     },
67 warn ERESOLVE     location: 'node_modules/react',
67 warn ERESOLVE     isWorkspace: false,
67 warn ERESOLVE     dependents: [ [Object] ]
67 warn ERESOLVE   },
67 warn ERESOLVE   force: true,
67 warn ERESOLVE   isMine: false,
67 warn ERESOLVE   strictPeerDeps: false,
67 warn ERESOLVE   current: {
67 warn ERESOLVE     name: 'react',
67 warn ERESOLVE     version: '19.0.0-rc-66855b96-20241106',
67 warn ERESOLVE     location: 'node_modules/react',
67 warn ERESOLVE     isWorkspace: false,
67 warn ERESOLVE     dependents: [
67 warn ERESOLVE       [Object], [Object], [Object],
67 warn ERESOLVE       [Object], [Object], [Object],
67 warn ERESOLVE       [Object], [Object], [Object],
67 warn ERESOLVE       [Object], [Object], [Object],
67 warn ERESOLVE       [Object], [Object], [Object],
67 warn ERESOLVE       [Object], [Object], [Object],
67 warn ERESOLVE       [Object], [Object], [Object],
67 warn ERESOLVE       [Object], [Object], [Object],
67 warn ERESOLVE       [Object], [Object], [Object],
67 warn ERESOLVE       [Object], [Object], [Object],
67 warn ERESOLVE       [Object], [Object], [Object]
67 warn ERESOLVE     ]
67 warn ERESOLVE   },
67 warn ERESOLVE   peerConflict: {
67 warn ERESOLVE     current: {
67 warn ERESOLVE       name: 'react',
67 warn ERESOLVE       version: '19.0.0-rc-66855b96-20241106',
67 warn ERESOLVE       location: 'node_modules/react',
67 warn ERESOLVE       isWorkspace: false,
67 warn ERESOLVE       dependents: [Array]
67 warn ERESOLVE     },
67 warn ERESOLVE     peer: {
67 warn ERESOLVE       name: 'react',
67 warn ERESOLVE       version: '18.3.1',
67 warn ERESOLVE       whileInstalling: [Object],
67 warn ERESOLVE       location: 'node_modules/react',
67 warn ERESOLVE       isWorkspace: false,
67 warn ERESOLVE       dependents: [Array]
67 warn ERESOLVE     }
67 warn ERESOLVE   }
67 warn ERESOLVE }
68 warn ERESOLVE overriding peer dependency {
68 warn ERESOLVE   code: 'ERESOLVE',
68 warn ERESOLVE   edge: {
68 warn ERESOLVE     type: 'peer',
68 warn ERESOLVE     name: 'react',
68 warn ERESOLVE     spec: '^16.8.0 || ^17.0.0 || ^18.0.0',
68 warn ERESOLVE     error: 'INVALID',
68 warn ERESOLVE     from: {
68 warn ERESOLVE       name: 'react-style-singleton',
68 warn ERESOLVE       version: '2.2.1',
68 warn ERESOLVE       location: 'node_modules/@radix-ui/react-menu/node_modules/react-remove-scroll/node_modules/react-style-singleton',
68 warn ERESOLVE       isWorkspace: false,
68 warn ERESOLVE       dependents: [Array]
68 warn ERESOLVE     }
68 warn ERESOLVE   },
68 warn ERESOLVE   dep: {
68 warn ERESOLVE     name: 'react',
68 warn ERESOLVE     version: '18.3.1',
68 warn ERESOLVE     whileInstalling: {
68 warn ERESOLVE       name: 'react-style-singleton',
68 warn ERESOLVE       version: '2.2.1',
68 warn ERESOLVE       path: 'C:\\Users\\saadr\\Desktop\\UserFlow\\App\\feedback-platform\\node_modules\\@radix-ui\\react-menu\\node_modules\\react-remove-scroll\\node_modules\\react-style-singleton'
68 warn ERESOLVE     },
68 warn ERESOLVE     location: 'node_modules/react',
68 warn ERESOLVE     isWorkspace: false,
68 warn ERESOLVE     dependents: [ [Object] ]
68 warn ERESOLVE   },
68 warn ERESOLVE   force: true,
68 warn ERESOLVE   isMine: false,
68 warn ERESOLVE   strictPeerDeps: false,
68 warn ERESOLVE   current: {
68 warn ERESOLVE     name: 'react',
68 warn ERESOLVE     version: '19.0.0-rc-66855b96-20241106',
68 warn ERESOLVE     location: 'node_modules/react',
68 warn ERESOLVE     isWorkspace: false,
68 warn ERESOLVE     dependents: [
68 warn ERESOLVE       [Object], [Object], [Object],
68 warn ERESOLVE       [Object], [Object], [Object],
68 warn ERESOLVE       [Object], [Object], [Object],
68 warn ERESOLVE       [Object], [Object], [Object],
68 warn ERESOLVE       [Object], [Object], [Object],
68 warn ERESOLVE       [Object], [Object], [Object],
68 warn ERESOLVE       [Object], [Object], [Object],
68 warn ERESOLVE       [Object], [Object], [Object],
68 warn ERESOLVE       [Object], [Object], [Object],
68 warn ERESOLVE       [Object], [Object], [Object],
68 warn ERESOLVE       [Object], [Object], [Object]
68 warn ERESOLVE     ]
68 warn ERESOLVE   },
68 warn ERESOLVE   peerConflict: {
68 warn ERESOLVE     current: {
68 warn ERESOLVE       name: 'react',
68 warn ERESOLVE       version: '19.0.0-rc-66855b96-20241106',
68 warn ERESOLVE       location: 'node_modules/react',
68 warn ERESOLVE       isWorkspace: false,
68 warn ERESOLVE       dependents: [Array]
68 warn ERESOLVE     },
68 warn ERESOLVE     peer: {
68 warn ERESOLVE       name: 'react',
68 warn ERESOLVE       version: '18.3.1',
68 warn ERESOLVE       whileInstalling: [Object],
68 warn ERESOLVE       location: 'node_modules/react',
68 warn ERESOLVE       isWorkspace: false,
68 warn ERESOLVE       dependents: [Array]
68 warn ERESOLVE     }
68 warn ERESOLVE   }
68 warn ERESOLVE }
69 warn ERESOLVE overriding peer dependency {
69 warn ERESOLVE   code: 'ERESOLVE',
69 warn ERESOLVE   edge: {
69 warn ERESOLVE     type: 'peer',
69 warn ERESOLVE     name: 'react',
69 warn ERESOLVE     spec: '^16.8.0 || ^17.0.0 || ^18.0.0',
69 warn ERESOLVE     error: 'INVALID',
69 warn ERESOLVE     from: {
69 warn ERESOLVE       name: 'use-callback-ref',
69 warn ERESOLVE       version: '1.3.2',
69 warn ERESOLVE       location: 'node_modules/@radix-ui/react-menu/node_modules/react-remove-scroll/node_modules/use-callback-ref',
69 warn ERESOLVE       isWorkspace: false,
69 warn ERESOLVE       dependents: [Array]
69 warn ERESOLVE     }
69 warn ERESOLVE   },
69 warn ERESOLVE   dep: {
69 warn ERESOLVE     name: 'react',
69 warn ERESOLVE     version: '18.3.1',
69 warn ERESOLVE     whileInstalling: {
69 warn ERESOLVE       name: 'use-callback-ref',
69 warn ERESOLVE       version: '1.3.2',
69 warn ERESOLVE       path: 'C:\\Users\\saadr\\Desktop\\UserFlow\\App\\feedback-platform\\node_modules\\@radix-ui\\react-menu\\node_modules\\react-remove-scroll\\node_modules\\use-callback-ref'
69 warn ERESOLVE     },
69 warn ERESOLVE     location: 'node_modules/react',
69 warn ERESOLVE     isWorkspace: false,
69 warn ERESOLVE     dependents: [ [Object] ]
69 warn ERESOLVE   },
69 warn ERESOLVE   force: true,
69 warn ERESOLVE   isMine: false,
69 warn ERESOLVE   strictPeerDeps: false,
69 warn ERESOLVE   current: {
69 warn ERESOLVE     name: 'react',
69 warn ERESOLVE     version: '19.0.0-rc-66855b96-20241106',
69 warn ERESOLVE     location: 'node_modules/react',
69 warn ERESOLVE     isWorkspace: false,
69 warn ERESOLVE     dependents: [
69 warn ERESOLVE       [Object], [Object], [Object],
69 warn ERESOLVE       [Object], [Object], [Object],
69 warn ERESOLVE       [Object], [Object], [Object],
69 warn ERESOLVE       [Object], [Object], [Object],
69 warn ERESOLVE       [Object], [Object], [Object],
69 warn ERESOLVE       [Object], [Object], [Object],
69 warn ERESOLVE       [Object], [Object], [Object],
69 warn ERESOLVE       [Object], [Object], [Object],
69 warn ERESOLVE       [Object], [Object], [Object],
69 warn ERESOLVE       [Object], [Object], [Object],
69 warn ERESOLVE       [Object], [Object], [Object]
69 warn ERESOLVE     ]
69 warn ERESOLVE   },
69 warn ERESOLVE   peerConflict: {
69 warn ERESOLVE     current: {
69 warn ERESOLVE       name: 'react',
69 warn ERESOLVE       version: '19.0.0-rc-66855b96-20241106',
69 warn ERESOLVE       location: 'node_modules/react',
69 warn ERESOLVE       isWorkspace: false,
69 warn ERESOLVE       dependents: [Array]
69 warn ERESOLVE     },
69 warn ERESOLVE     peer: {
69 warn ERESOLVE       name: 'react',
69 warn ERESOLVE       version: '18.3.1',
69 warn ERESOLVE       whileInstalling: [Object],
69 warn ERESOLVE       location: 'node_modules/react',
69 warn ERESOLVE       isWorkspace: false,
69 warn ERESOLVE       dependents: [Array]
69 warn ERESOLVE     }
69 warn ERESOLVE   }
69 warn ERESOLVE }
70 warn ERESOLVE overriding peer dependency {
70 warn ERESOLVE   code: 'ERESOLVE',
70 warn ERESOLVE   edge: {
70 warn ERESOLVE     type: 'peer',
70 warn ERESOLVE     name: 'react',
70 warn ERESOLVE     spec: '^16.8.0 || ^17.0.0 || ^18.0.0',
70 warn ERESOLVE     error: 'INVALID',
70 warn ERESOLVE     from: {
70 warn ERESOLVE       name: 'use-sidecar',
70 warn ERESOLVE       version: '1.1.2',
70 warn ERESOLVE       location: 'node_modules/@radix-ui/react-menu/node_modules/react-remove-scroll/node_modules/use-sidecar',
70 warn ERESOLVE       isWorkspace: false,
70 warn ERESOLVE       dependents: [Array]
70 warn ERESOLVE     }
70 warn ERESOLVE   },
70 warn ERESOLVE   dep: {
70 warn ERESOLVE     name: 'react',
70 warn ERESOLVE     version: '18.3.1',
70 warn ERESOLVE     whileInstalling: {
70 warn ERESOLVE       name: 'use-sidecar',
70 warn ERESOLVE       version: '1.1.2',
70 warn ERESOLVE       path: 'C:\\Users\\saadr\\Desktop\\UserFlow\\App\\feedback-platform\\node_modules\\@radix-ui\\react-menu\\node_modules\\react-remove-scroll\\node_modules\\use-sidecar'
70 warn ERESOLVE     },
70 warn ERESOLVE     location: 'node_modules/react',
70 warn ERESOLVE     isWorkspace: false,
70 warn ERESOLVE     dependents: [ [Object] ]
70 warn ERESOLVE   },
70 warn ERESOLVE   force: true,
70 warn ERESOLVE   isMine: false,
70 warn ERESOLVE   strictPeerDeps: false,
70 warn ERESOLVE   current: {
70 warn ERESOLVE     name: 'react',
70 warn ERESOLVE     version: '19.0.0-rc-66855b96-20241106',
70 warn ERESOLVE     location: 'node_modules/react',
70 warn ERESOLVE     isWorkspace: false,
70 warn ERESOLVE     dependents: [
70 warn ERESOLVE       [Object], [Object], [Object],
70 warn ERESOLVE       [Object], [Object], [Object],
70 warn ERESOLVE       [Object], [Object], [Object],
70 warn ERESOLVE       [Object], [Object], [Object],
70 warn ERESOLVE       [Object], [Object], [Object],
70 warn ERESOLVE       [Object], [Object], [Object],
70 warn ERESOLVE       [Object], [Object], [Object],
70 warn ERESOLVE       [Object], [Object], [Object],
70 warn ERESOLVE       [Object], [Object], [Object],
70 warn ERESOLVE       [Object], [Object], [Object],
70 warn ERESOLVE       [Object], [Object], [Object]
70 warn ERESOLVE     ]
70 warn ERESOLVE   },
70 warn ERESOLVE   peerConflict: {
70 warn ERESOLVE     current: {
70 warn ERESOLVE       name: 'react',
70 warn ERESOLVE       version: '19.0.0-rc-66855b96-20241106',
70 warn ERESOLVE       location: 'node_modules/react',
70 warn ERESOLVE       isWorkspace: false,
70 warn ERESOLVE       dependents: [Array]
70 warn ERESOLVE     },
70 warn ERESOLVE     peer: {
70 warn ERESOLVE       name: 'react',
70 warn ERESOLVE       version: '18.3.1',
70 warn ERESOLVE       whileInstalling: [Object],
70 warn ERESOLVE       location: 'node_modules/react',
70 warn ERESOLVE       isWorkspace: false,
70 warn ERESOLVE       dependents: [Array]
70 warn ERESOLVE     }
70 warn ERESOLVE   }
70 warn ERESOLVE }
71 silly reify moves {}
72 silly audit bulk request {
72 silly audit   '@alloc/quick-lru': [ '5.2.0' ],
72 silly audit   '@emnapi/runtime': [ '1.3.1' ],
72 silly audit   '@eslint-community/eslint-utils': [ '4.4.1' ],
72 silly audit   '@eslint-community/regexpp': [ '4.12.1' ],
72 silly audit   '@eslint/eslintrc': [ '2.1.4' ],
72 silly audit   '@eslint/js': [ '8.57.1' ],
72 silly audit   '@floating-ui/core': [ '1.6.8' ],
72 silly audit   '@floating-ui/dom': [ '1.6.12' ],
72 silly audit   '@floating-ui/utils': [ '0.2.8' ],
72 silly audit   '@humanwhocodes/config-array': [ '0.13.0' ],
72 silly audit   '@humanwhocodes/module-importer': [ '1.0.1' ],
72 silly audit   '@humanwhocodes/object-schema': [ '2.0.3' ],
72 silly audit   '@img/sharp-darwin-arm64': [ '0.33.5' ],
72 silly audit   '@img/sharp-darwin-x64': [ '0.33.5' ],
72 silly audit   '@img/sharp-libvips-darwin-arm64': [ '1.0.4' ],
72 silly audit   '@img/sharp-libvips-darwin-x64': [ '1.0.4' ],
72 silly audit   '@img/sharp-libvips-linux-arm': [ '1.0.5' ],
72 silly audit   '@img/sharp-libvips-linux-arm64': [ '1.0.4' ],
72 silly audit   '@img/sharp-libvips-linux-s390x': [ '1.0.4' ],
72 silly audit   '@img/sharp-libvips-linux-x64': [ '1.0.4' ],
72 silly audit   '@img/sharp-libvips-linuxmusl-arm64': [ '1.0.4' ],
72 silly audit   '@img/sharp-libvips-linuxmusl-x64': [ '1.0.4' ],
72 silly audit   '@img/sharp-linux-arm': [ '0.33.5' ],
72 silly audit   '@img/sharp-linux-arm64': [ '0.33.5' ],
72 silly audit   '@img/sharp-linux-s390x': [ '0.33.5' ],
72 silly audit   '@img/sharp-linux-x64': [ '0.33.5' ],
72 silly audit   '@img/sharp-linuxmusl-arm64': [ '0.33.5' ],
72 silly audit   '@img/sharp-linuxmusl-x64': [ '0.33.5' ],
72 silly audit   '@img/sharp-wasm32': [ '0.33.5' ],
72 silly audit   '@img/sharp-win32-ia32': [ '0.33.5' ],
72 silly audit   '@img/sharp-win32-x64': [ '0.33.5' ],
72 silly audit   '@isaacs/cliui': [ '8.0.2' ],
72 silly audit   'ansi-regex': [ '6.1.0', '5.0.1' ],
72 silly audit   'strip-ansi': [ '7.1.0', '6.0.1' ],
72 silly audit   '@jridgewell/gen-mapping': [ '0.3.5' ],
72 silly audit   '@jridgewell/resolve-uri': [ '3.1.2' ],
72 silly audit   '@jridgewell/set-array': [ '1.2.1' ],
72 silly audit   '@jridgewell/sourcemap-codec': [ '1.5.0' ],
72 silly audit   '@jridgewell/trace-mapping': [ '0.3.25' ],
72 silly audit   '@next/env': [ '15.0.3' ],
72 silly audit   '@next/eslint-plugin-next': [ '15.0.3' ],
72 silly audit   '@next/swc-darwin-arm64': [ '15.0.3' ],
72 silly audit   '@next/swc-darwin-x64': [ '15.0.3' ],
72 silly audit   '@next/swc-linux-arm64-gnu': [ '15.0.3' ],
72 silly audit   '@next/swc-linux-arm64-musl': [ '15.0.3' ],
72 silly audit   '@next/swc-linux-x64-gnu': [ '15.0.3' ],
72 silly audit   '@next/swc-linux-x64-musl': [ '15.0.3' ],
72 silly audit   '@next/swc-win32-arm64-msvc': [ '15.0.3' ],
72 silly audit   '@next/swc-win32-x64-msvc': [ '15.0.3' ],
72 silly audit   '@nodelib/fs.scandir': [ '2.1.5' ],
72 silly audit   '@nodelib/fs.stat': [ '2.0.5' ],
72 silly audit   '@nodelib/fs.walk': [ '1.2.8' ],
72 silly audit   '@nolyfill/is-core-module': [ '1.0.39' ],
72 silly audit   '@pkgjs/parseargs': [ '0.11.0' ],
72 silly audit   '@radix-ui/primitive': [ '1.1.0' ],
72 silly audit   '@radix-ui/react-arrow': [ '1.1.0' ],
72 silly audit   '@radix-ui/react-collection': [ '1.1.0' ],
72 silly audit   '@radix-ui/react-context': [ '1.1.0', '1.1.1' ],
72 silly audit   '@radix-ui/react-compose-refs': [ '1.1.0' ],
72 silly audit   '@radix-ui/react-direction': [ '1.1.0' ],
72 silly audit   '@radix-ui/react-dismissable-layer': [ '1.1.1' ],
72 silly audit   '@radix-ui/react-focus-guards': [ '1.1.1' ],
72 silly audit   '@radix-ui/react-focus-scope': [ '1.1.0' ],
72 silly audit   '@radix-ui/react-id': [ '1.1.0' ],
72 silly audit   '@radix-ui/react-menu': [ '2.1.2' ],
72 silly audit   'react-remove-scroll': [ '2.6.0' ],
72 silly audit   'react-remove-scroll-bar': [ '2.3.6' ],
72 silly audit   'react-style-singleton': [ '2.2.1' ],
72 silly audit   'use-callback-ref': [ '1.3.2' ],
72 silly audit   'use-sidecar': [ '1.1.2' ],
72 silly audit   '@radix-ui/react-popper': [ '1.2.0' ],
72 silly audit   '@floating-ui/react-dom': [ '2.1.2' ],
72 silly audit   '@radix-ui/react-portal': [ '1.1.2' ],
72 silly audit   '@radix-ui/react-presence': [ '1.1.1' ],
72 silly audit   '@radix-ui/react-primitive': [ '2.0.0' ],
72 silly audit   '@radix-ui/react-roving-focus': [ '1.1.0' ],
72 silly audit   '@radix-ui/react-use-callback-ref': [ '1.1.0' ],
72 silly audit   '@radix-ui/react-use-controllable-state': [ '1.1.0' ],
72 silly audit   '@radix-ui/react-use-escape-keydown': [ '1.1.0' ],
72 silly audit   '@radix-ui/react-use-layout-effect': [ '1.1.0' ],
72 silly audit   '@radix-ui/react-use-rect': [ '1.1.0' ],
72 silly audit   '@radix-ui/react-use-size': [ '1.1.0' ],
72 silly audit   '@radix-ui/rect': [ '1.1.0' ],
72 silly audit   '@rtsao/scc': [ '1.1.0' ],
72 silly audit   '@rushstack/eslint-patch': [ '1.10.4' ],
72 silly audit   '@swc/counter': [ '0.1.3' ],
72 silly audit   '@swc/helpers': [ '0.5.13' ],
72 silly audit   '@types/json5': [ '0.0.29' ],
72 silly audit   '@types/node': [ '20.17.9' ],
72 silly audit   '@types/prop-types': [ '15.7.13' ],
72 silly audit   '@types/react': [ '18.3.13' ],
72 silly audit   '@types/react-dom': [ '18.3.1' ],
72 silly audit   '@typescript-eslint/eslint-plugin': [ '8.17.0' ],
72 silly audit   '@typescript-eslint/parser': [ '8.17.0' ],
72 silly audit   '@typescript-eslint/scope-manager': [ '8.17.0' ],
72 silly audit   '@typescript-eslint/type-utils': [ '8.17.0' ],
72 silly audit   '@typescript-eslint/types': [ '8.17.0' ],
72 silly audit   '@typescript-eslint/typescript-estree': [ '8.17.0' ],
72 silly audit   'brace-expansion': [ '2.0.1', '1.1.11' ],
72 silly audit   'fast-glob': [ '3.3.2', '3.3.1' ],
72 silly audit   'glob-parent': [ '5.1.2', '6.0.2' ],
72 silly audit   minimatch: [ '9.0.5', '3.1.2' ],
72 silly audit   '@typescript-eslint/utils': [ '8.17.0' ],
72 silly audit   '@typescript-eslint/visitor-keys': [ '8.17.0' ],
72 silly audit   'eslint-visitor-keys': [ '4.2.0', '3.4.3' ],
72 silly audit   '@ungap/structured-clone': [ '1.2.0' ],
72 silly audit   acorn: [ '8.14.0' ],
72 silly audit   'acorn-jsx': [ '5.3.2' ],
72 silly audit   ajv: [ '6.12.6' ],
72 silly audit   'ansi-styles': [ '4.3.0', '6.2.1' ],
72 silly audit   'any-promise': [ '1.3.0' ],
72 silly audit   anymatch: [ '3.1.3' ],
72 silly audit   arg: [ '5.0.2' ],
72 silly audit   argparse: [ '2.0.1' ],
72 silly audit   'aria-hidden': [ '1.2.4' ],
72 silly audit   'aria-query': [ '5.3.2' ],
72 silly audit   'array-buffer-byte-length': [ '1.0.1' ],
72 silly audit   'array-includes': [ '3.1.8' ],
72 silly audit   'array.prototype.findlast': [ '1.2.5' ],
72 silly audit   'array.prototype.findlastindex': [ '1.2.5' ],
72 silly audit   'array.prototype.flat': [ '1.3.2' ],
72 silly audit   'array.prototype.flatmap': [ '1.3.2' ],
72 silly audit   'array.prototype.tosorted': [ '1.1.4' ],
72 silly audit   'arraybuffer.prototype.slice': [ '1.0.3' ],
72 silly audit   'ast-types-flow': [ '0.0.8' ],
72 silly audit   'available-typed-arrays': [ '1.0.7' ],
72 silly audit   'axe-core': [ '4.10.2' ],
72 silly audit   'axobject-query': [ '4.1.0' ],
72 silly audit   'balanced-match': [ '1.0.2' ],
72 silly audit   'binary-extensions': [ '2.3.0' ],
72 silly audit   braces: [ '3.0.3' ],
72 silly audit   busboy: [ '1.6.0' ],
72 silly audit   'call-bind': [ '1.0.7' ],
72 silly audit   callsites: [ '3.1.0' ],
72 silly audit   'camelcase-css': [ '2.0.1' ],
72 silly audit   'caniuse-lite': [ '1.0.30001686' ],
72 silly audit   chalk: [ '4.1.2' ],
72 silly audit   chokidar: [ '3.6.0' ],
72 silly audit   'class-variance-authority': [ '0.7.1' ],
72 silly audit   'client-only': [ '0.0.1' ],
72 silly audit   clsx: [ '2.1.1' ],
72 silly audit   color: [ '4.2.3' ],
72 silly audit   'color-convert': [ '2.0.1' ],
72 silly audit   'color-name': [ '1.1.4' ],
72 silly audit   'color-string': [ '1.9.1' ],
72 silly audit   commander: [ '4.1.1' ],
72 silly audit   'concat-map': [ '0.0.1' ],
72 silly audit   'cross-spawn': [ '7.0.6' ],
72 silly audit   cssesc: [ '3.0.0' ],
72 silly audit   csstype: [ '3.1.3' ],
72 silly audit   'damerau-levenshtein': [ '1.0.8' ],
72 silly audit   'data-view-buffer': [ '1.0.1' ],
72 silly audit   'data-view-byte-length': [ '1.0.1' ],
72 silly audit   'data-view-byte-offset': [ '1.0.0' ],
72 silly audit   debug: [ '4.3.7', '3.2.7' ],
72 silly audit   'deep-is': [ '0.1.4' ],
72 silly audit   'define-data-property': [ '1.1.4' ],
72 silly audit   'define-properties': [ '1.2.1' ],
72 silly audit   'detect-libc': [ '2.0.3' ],
72 silly audit   'detect-node-es': [ '1.1.0' ],
72 silly audit   didyoumean: [ '1.2.2' ],
72 silly audit   dlv: [ '1.1.3' ],
72 silly audit   doctrine: [ '3.0.0', '2.1.0' ],
72 silly audit   eastasianwidth: [ '0.2.0' ],
72 silly audit   'emoji-regex': [ '9.2.2', '8.0.0' ],
72 silly audit   'enhanced-resolve': [ '5.17.1' ],
72 silly audit   'es-abstract': [ '1.23.5' ],
72 silly audit   'es-define-property': [ '1.0.0' ],
72 silly audit   'es-errors': [ '1.3.0' ],
72 silly audit   'es-iterator-helpers': [ '1.2.0' ],
72 silly audit   'es-object-atoms': [ '1.0.0' ],
72 silly audit   'es-set-tostringtag': [ '2.0.3' ],
72 silly audit   'es-shim-unscopables': [ '1.0.2' ],
72 silly audit   'es-to-primitive': [ '1.3.0' ],
72 silly audit   'escape-string-regexp': [ '4.0.0' ],
72 silly audit   eslint: [ '8.57.1' ],
72 silly audit   'eslint-config-next': [ '15.0.3' ],
72 silly audit   'eslint-import-resolver-node': [ '0.3.9' ],
72 silly audit   'eslint-import-resolver-typescript': [ '3.7.0' ],
72 silly audit   'eslint-module-utils': [ '2.12.0' ],
72 silly audit   'eslint-plugin-import': [ '2.31.0' ],
72 silly audit   semver: [ '6.3.1', '7.6.3' ],
72 silly audit   'eslint-plugin-jsx-a11y': [ '6.10.2' ],
72 silly audit   'eslint-plugin-react': [ '7.37.2' ],
72 silly audit   'eslint-plugin-react-hooks': [ '5.0.0' ],
72 silly audit   resolve: [ '2.0.0-next.5', '1.22.8' ],
72 silly audit   'eslint-scope': [ '7.2.2' ],
72 silly audit   espree: [ '9.6.1' ],
72 silly audit   esquery: [ '1.6.0' ],
72 silly audit   esrecurse: [ '4.3.0' ],
72 silly audit   estraverse: [ '5.3.0' ],
72 silly audit   esutils: [ '2.0.3' ],
72 silly audit   'fast-deep-equal': [ '3.1.3' ],
72 silly audit   'fast-json-stable-stringify': [ '2.1.0' ],
72 silly audit   'fast-levenshtein': [ '2.0.6' ],
72 silly audit   fastq: [ '1.17.1' ],
72 silly audit   'file-entry-cache': [ '6.0.1' ],
72 silly audit   'fill-range': [ '7.1.1' ],
72 silly audit   'find-up': [ '5.0.0' ],
72 silly audit   'flat-cache': [ '3.2.0' ],
72 silly audit   flatted: [ '3.3.2' ],
72 silly audit   'for-each': [ '0.3.3' ],
72 silly audit   'foreground-child': [ '3.3.0' ],
72 silly audit   'fs.realpath': [ '1.0.0' ],
72 silly audit   fsevents: [ '2.3.3' ],
72 silly audit   'function-bind': [ '1.1.2' ],
72 silly audit   'function.prototype.name': [ '1.1.6' ],
72 silly audit   'functions-have-names': [ '1.2.3' ],
72 silly audit   'get-intrinsic': [ '1.2.4' ],
72 silly audit   'get-nonce': [ '1.0.1' ],
72 silly audit   'get-symbol-description': [ '1.0.2' ],
72 silly audit   'get-tsconfig': [ '4.8.1' ],
72 silly audit   glob: [ '7.2.3', '10.4.5' ],
72 silly audit   globals: [ '13.24.0' ],
72 silly audit   globalthis: [ '1.0.4' ],
72 silly audit   gopd: [ '1.2.0' ],
72 silly audit   'graceful-fs': [ '4.2.11' ],
72 silly audit   graphemer: [ '1.4.0' ],
72 silly audit   'has-bigints': [ '1.0.2' ],
72 silly audit   'has-flag': [ '4.0.0' ],
72 silly audit   'has-property-descriptors': [ '1.0.2' ],
72 silly audit   'has-proto': [ '1.1.0' ],
72 silly audit   'has-symbols': [ '1.1.0' ],
72 silly audit   'has-tostringtag': [ '1.0.2' ],
72 silly audit   hasown: [ '2.0.2' ],
72 silly audit   ignore: [ '5.3.2' ],
72 silly audit   'import-fresh': [ '3.3.0' ],
72 silly audit   imurmurhash: [ '0.1.4' ],
72 silly audit   inflight: [ '1.0.6' ],
72 silly audit   inherits: [ '2.0.4' ],
72 silly audit   'internal-slot': [ '1.0.7' ],
72 silly audit   invariant: [ '2.2.4' ],
72 silly audit   'is-array-buffer': [ '3.0.4' ],
72 silly audit   'is-arrayish': [ '0.3.2' ],
72 silly audit   'is-async-function': [ '2.0.0' ],
72 silly audit   'is-bigint': [ '1.1.0' ],
72 silly audit   'is-binary-path': [ '2.1.0' ],
72 silly audit   'is-boolean-object': [ '1.2.0' ],
72 silly audit   'is-bun-module': [ '1.3.0' ],
72 silly audit   'is-callable': [ '1.2.7' ],
72 silly audit   'is-core-module': [ '2.15.1' ],
72 silly audit   'is-data-view': [ '1.0.1' ],
72 silly audit   'is-date-object': [ '1.0.5' ],
72 silly audit   'is-extglob': [ '2.1.1' ],
72 silly audit   'is-finalizationregistry': [ '1.1.0' ],
72 silly audit   'is-fullwidth-code-point': [ '3.0.0' ],
72 silly audit   'is-generator-function': [ '1.0.10' ],
72 silly audit   'is-glob': [ '4.0.3' ],
72 silly audit   'is-map': [ '2.0.3' ],
72 silly audit   'is-negative-zero': [ '2.0.3' ],
72 silly audit   'is-number': [ '7.0.0' ],
72 silly audit   'is-number-object': [ '1.1.0' ],
72 silly audit   'is-path-inside': [ '3.0.3' ],
72 silly audit   'is-regex': [ '1.2.0' ],
72 silly audit   'is-set': [ '2.0.3' ],
72 silly audit   'is-shared-array-buffer': [ '1.0.3' ],
72 silly audit   'is-string': [ '1.1.0' ],
72 silly audit   'is-symbol': [ '1.1.0' ],
72 silly audit   'is-typed-array': [ '1.1.13' ],
72 silly audit   'is-weakmap': [ '2.0.2' ],
72 silly audit   'is-weakref': [ '1.0.2' ],
72 silly audit   'is-weakset': [ '2.0.3' ],
72 silly audit   isarray: [ '2.0.5' ],
72 silly audit   isexe: [ '2.0.0' ],
72 silly audit   'iterator.prototype': [ '1.1.3' ],
72 silly audit   jackspeak: [ '3.4.3' ],
72 silly audit   jiti: [ '1.21.6' ],
72 silly audit   'js-tokens': [ '4.0.0' ],
72 silly audit   'js-yaml': [ '4.1.0' ],
72 silly audit   'json-buffer': [ '3.0.1' ],
72 silly audit   'json-schema-traverse': [ '0.4.1' ],
72 silly audit   'json-stable-stringify-without-jsonify': [ '1.0.1' ],
72 silly audit   json5: [ '1.0.2' ],
72 silly audit   'jsx-ast-utils': [ '3.3.5' ],
72 silly audit   keyv: [ '4.5.4' ],
72 silly audit   'language-subtag-registry': [ '0.3.23' ],
72 silly audit   'language-tags': [ '1.0.9' ],
72 silly audit   levn: [ '0.4.1' ],
72 silly audit   lilconfig: [ '3.1.3' ],
72 silly audit   'lines-and-columns': [ '1.2.4' ],
72 silly audit   'locate-path': [ '6.0.0' ],
72 silly audit   'lodash.merge': [ '4.6.2' ],
72 silly audit   'loose-envify': [ '1.4.0' ],
72 silly audit   'lru-cache': [ '10.4.3' ],
72 silly audit   'lucide-react': [ '0.465.0' ],
72 silly audit   merge2: [ '1.4.1' ],
72 silly audit   micromatch: [ '4.0.8' ],
72 silly audit   minimist: [ '1.2.8' ],
72 silly audit   minipass: [ '7.1.2' ],
72 silly audit   ms: [ '2.1.3' ],
72 silly audit   mz: [ '2.7.0' ],
72 silly audit   nanoid: [ '3.3.8' ],
72 silly audit   'natural-compare': [ '1.4.0' ],
72 silly audit   next: [ '15.0.3' ],
72 silly audit   postcss: [ '8.4.31', '8.4.49' ],
72 silly audit   'normalize-path': [ '3.0.0' ],
72 silly audit   'object-assign': [ '4.1.1' ],
72 silly audit   'object-hash': [ '3.0.0' ],
72 silly audit   'object-inspect': [ '1.13.3' ],
72 silly audit   'object-keys': [ '1.1.1' ],
72 silly audit   'object.assign': [ '4.1.5' ],
72 silly audit   'object.entries': [ '1.1.8' ],
72 silly audit   'object.fromentries': [ '2.0.8' ],
72 silly audit   'object.groupby': [ '1.0.3' ],
72 silly audit   'object.values': [ '1.2.0' ],
72 silly audit   once: [ '1.4.0' ],
72 silly audit   optionator: [ '0.9.4' ],
72 silly audit   'p-limit': [ '3.1.0' ],
72 silly audit   'p-locate': [ '5.0.0' ],
72 silly audit   'package-json-from-dist': [ '1.0.1' ],
72 silly audit   'parent-module': [ '1.0.1' ],
72 silly audit   'path-exists': [ '4.0.0' ],
72 silly audit   'path-is-absolute': [ '1.0.1' ],
72 silly audit   'path-key': [ '3.1.1' ],
72 silly audit   'path-parse': [ '1.0.7' ],
72 silly audit   'path-scurry': [ '1.11.1' ],
72 silly audit   picocolors: [ '1.1.1' ],
72 silly audit   picomatch: [ '2.3.1' ],
72 silly audit   pify: [ '2.3.0' ],
72 silly audit   pirates: [ '4.0.6' ],
72 silly audit   'possible-typed-array-names': [ '1.0.0' ],
72 silly audit   'postcss-import': [ '15.1.0' ],
72 silly audit   'postcss-js': [ '4.0.1' ],
72 silly audit   'postcss-load-config': [ '4.0.2' ],
72 silly audit   'postcss-nested': [ '6.2.0' ],
72 silly audit   'postcss-selector-parser': [ '6.1.2' ],
72 silly audit   'postcss-value-parser': [ '4.2.0' ],
72 silly audit   'prelude-ls': [ '1.2.1' ],
72 silly audit   'prop-types': [ '15.8.1' ],
72 silly audit   punycode: [ '2.3.1' ],
72 silly audit   'queue-microtask': [ '1.2.3' ],
72 silly audit   react: [ '19.0.0-rc-66855b96-20241106' ],
72 silly audit   'react-dom': [ '19.0.0-rc-66855b96-20241106' ],
72 silly audit   'react-is': [ '16.13.1' ],
72 silly audit   'read-cache': [ '1.0.0' ],
72 silly audit   readdirp: [ '3.6.0' ],
72 silly audit   'reflect.getprototypeof': [ '1.0.7' ],
72 silly audit   'regexp.prototype.flags': [ '1.5.3' ],
72 silly audit   'resolve-from': [ '4.0.0' ],
72 silly audit   'resolve-pkg-maps': [ '1.0.0' ],
72 silly audit   reusify: [ '1.0.4' ],
72 silly audit   rimraf: [ '3.0.2' ],
72 silly audit   'run-parallel': [ '1.2.0' ],
72 silly audit   'safe-array-concat': [ '1.1.2' ],
72 silly audit   'safe-regex-test': [ '1.0.3' ],
72 silly audit   scheduler: [ '0.25.0-rc-66855b96-20241106' ],
72 silly audit   'set-function-length': [ '1.2.2' ],
72 silly audit   'set-function-name': [ '2.0.2' ],
72 silly audit   sharp: [ '0.33.5' ],
72 silly audit   'shebang-command': [ '2.0.0' ],
72 silly audit   'shebang-regex': [ '3.0.0' ],
72 silly audit   'side-channel': [ '1.0.6' ],
72 silly audit   'signal-exit': [ '4.1.0' ],
72 silly audit   'simple-swizzle': [ '0.2.2' ],
72 silly audit   'source-map-js': [ '1.2.1' ],
72 silly audit   'stable-hash': [ '0.0.4' ],
72 silly audit   streamsearch: [ '1.1.0' ],
72 silly audit   'string-width': [ '5.1.2', '4.2.3' ],
72 silly audit   'string.prototype.includes': [ '2.0.1' ],
72 silly audit   'string.prototype.matchall': [ '4.0.11' ],
72 silly audit   'string.prototype.repeat': [ '1.0.0' ],
72 silly audit   'string.prototype.trim': [ '1.2.9' ],
72 silly audit   'string.prototype.trimend': [ '1.0.8' ],
72 silly audit   'string.prototype.trimstart': [ '1.0.8' ],
72 silly audit   'strip-bom': [ '3.0.0' ],
72 silly audit   'strip-json-comments': [ '3.1.1' ],
72 silly audit   'styled-jsx': [ '5.1.6' ],
72 silly audit   sucrase: [ '3.35.0' ],
72 silly audit   'supports-color': [ '7.2.0' ],
72 silly audit   'supports-preserve-symlinks-flag': [ '1.0.0' ],
72 silly audit   'tailwind-merge': [ '2.5.5' ],
72 silly audit   tailwindcss: [ '3.4.16' ],
72 silly audit   'tailwindcss-animate': [ '1.0.7' ],
72 silly audit   tapable: [ '2.2.1' ],
72 silly audit   'text-table': [ '0.2.0' ],
72 silly audit   thenify: [ '3.3.1' ],
72 silly audit   'thenify-all': [ '1.6.0' ],
72 silly audit   'to-regex-range': [ '5.0.1' ],
72 silly audit   'ts-api-utils': [ '1.4.3' ],
72 silly audit   'ts-interface-checker': [ '0.1.13' ],
72 silly audit   'tsconfig-paths': [ '3.15.0' ],
72 silly audit   tslib: [ '2.8.1' ],
72 silly audit   'type-check': [ '0.4.0' ],
72 silly audit   'type-fest': [ '0.20.2' ],
72 silly audit   'typed-array-buffer': [ '1.0.2' ],
72 silly audit   'typed-array-byte-length': [ '1.0.1' ],
72 silly audit   'typed-array-byte-offset': [ '1.0.3' ],
72 silly audit   'typed-array-length': [ '1.0.7' ],
72 silly audit   typescript: [ '5.7.2' ],
72 silly audit   'unbox-primitive': [ '1.0.2' ],
72 silly audit   'undici-types': [ '6.19.8' ],
72 silly audit   'uri-js': [ '4.4.1' ],
72 silly audit   'util-deprecate': [ '1.0.2' ],
72 silly audit   which: [ '2.0.2' ],
72 silly audit   'which-boxed-primitive': [ '1.1.0' ],
72 silly audit   'which-builtin-type': [ '1.2.0' ],
72 silly audit   'which-collection': [ '1.0.2' ],
72 silly audit   'which-typed-array': [ '1.1.16' ],
72 silly audit   'word-wrap': [ '1.2.5' ],
72 silly audit   'wrap-ansi': [ '8.1.0', '7.0.0' ],
72 silly audit   wrappy: [ '1.0.2' ],
72 silly audit   yaml: [ '2.6.1' ],
72 silly audit   'yocto-queue': [ '0.1.0' ],
72 silly audit   '@radix-ui/react-avatar': [ '1.1.1' ],
72 silly audit   '@radix-ui/react-dropdown-menu': [ '2.1.2' ],
72 silly audit   '@radix-ui/react-label': [ '2.1.0' ],
72 silly audit   '@radix-ui/react-slot': [ '1.1.0' ]
72 silly audit }
73 verbose reify failed optional dependency C:\Users\saadr\Desktop\UserFlow\App\feedback-platform\node_modules\fsevents
74 silly reify mark deleted [
74 silly reify   'C:\\Users\\saadr\\Desktop\\UserFlow\\App\\feedback-platform\\node_modules\\fsevents'
74 silly reify ]
75 verbose reify failed optional dependency C:\Users\saadr\Desktop\UserFlow\App\feedback-platform\node_modules\@next\swc-win32-arm64-msvc
76 silly reify mark deleted [
76 silly reify   'C:\\Users\\saadr\\Desktop\\UserFlow\\App\\feedback-platform\\node_modules\\@next\\swc-win32-arm64-msvc'
76 silly reify ]
77 verbose reify failed optional dependency C:\Users\saadr\Desktop\UserFlow\App\feedback-platform\node_modules\@next\swc-linux-x64-musl
78 silly reify mark deleted [
78 silly reify   'C:\\Users\\saadr\\Desktop\\UserFlow\\App\\feedback-platform\\node_modules\\@next\\swc-linux-x64-musl'
78 silly reify ]
79 verbose reify failed optional dependency C:\Users\saadr\Desktop\UserFlow\App\feedback-platform\node_modules\@next\swc-linux-x64-gnu
80 silly reify mark deleted [
80 silly reify   'C:\\Users\\saadr\\Desktop\\UserFlow\\App\\feedback-platform\\node_modules\\@next\\swc-linux-x64-gnu'
80 silly reify ]
81 verbose reify failed optional dependency C:\Users\saadr\Desktop\UserFlow\App\feedback-platform\node_modules\@next\swc-linux-arm64-musl
82 silly reify mark deleted [
82 silly reify   'C:\\Users\\saadr\\Desktop\\UserFlow\\App\\feedback-platform\\node_modules\\@next\\swc-linux-arm64-musl'
82 silly reify ]
83 verbose reify failed optional dependency C:\Users\saadr\Desktop\UserFlow\App\feedback-platform\node_modules\@next\swc-linux-arm64-gnu
84 silly reify mark deleted [
84 silly reify   'C:\\Users\\saadr\\Desktop\\UserFlow\\App\\feedback-platform\\node_modules\\@next\\swc-linux-arm64-gnu'
84 silly reify ]
85 verbose reify failed optional dependency C:\Users\saadr\Desktop\UserFlow\App\feedback-platform\node_modules\@next\swc-darwin-x64
86 silly reify mark deleted [
86 silly reify   'C:\\Users\\saadr\\Desktop\\UserFlow\\App\\feedback-platform\\node_modules\\@next\\swc-darwin-x64'
86 silly reify ]
87 verbose reify failed optional dependency C:\Users\saadr\Desktop\UserFlow\App\feedback-platform\node_modules\@next\swc-darwin-arm64
88 silly reify mark deleted [
88 silly reify   'C:\\Users\\saadr\\Desktop\\UserFlow\\App\\feedback-platform\\node_modules\\@next\\swc-darwin-arm64'
88 silly reify ]
89 verbose reify failed optional dependency C:\Users\saadr\Desktop\UserFlow\App\feedback-platform\node_modules\@img\sharp-win32-ia32
90 silly reify mark deleted [
90 silly reify   'C:\\Users\\saadr\\Desktop\\UserFlow\\App\\feedback-platform\\node_modules\\@img\\sharp-win32-ia32'
90 silly reify ]
91 verbose reify failed optional dependency C:\Users\saadr\Desktop\UserFlow\App\feedback-platform\node_modules\@img\sharp-wasm32
92 silly reify mark deleted [
92 silly reify   'C:\\Users\\saadr\\Desktop\\UserFlow\\App\\feedback-platform\\node_modules\\@img\\sharp-wasm32'
92 silly reify ]
93 verbose reify failed optional dependency C:\Users\saadr\Desktop\UserFlow\App\feedback-platform\node_modules\@emnapi\runtime
94 silly reify mark deleted [
94 silly reify   'C:\\Users\\saadr\\Desktop\\UserFlow\\App\\feedback-platform\\node_modules\\@emnapi\\runtime'
94 silly reify ]
95 verbose reify failed optional dependency C:\Users\saadr\Desktop\UserFlow\App\feedback-platform\node_modules\@img\sharp-linuxmusl-x64
96 silly reify mark deleted [
96 silly reify   'C:\\Users\\saadr\\Desktop\\UserFlow\\App\\feedback-platform\\node_modules\\@img\\sharp-linuxmusl-x64'
96 silly reify ]
97 verbose reify failed optional dependency C:\Users\saadr\Desktop\UserFlow\App\feedback-platform\node_modules\@img\sharp-linuxmusl-arm64
98 silly reify mark deleted [
98 silly reify   'C:\\Users\\saadr\\Desktop\\UserFlow\\App\\feedback-platform\\node_modules\\@img\\sharp-linuxmusl-arm64'
98 silly reify ]
99 verbose reify failed optional dependency C:\Users\saadr\Desktop\UserFlow\App\feedback-platform\node_modules\@img\sharp-linux-x64
100 silly reify mark deleted [
100 silly reify   'C:\\Users\\saadr\\Desktop\\UserFlow\\App\\feedback-platform\\node_modules\\@img\\sharp-linux-x64'
100 silly reify ]
101 verbose reify failed optional dependency C:\Users\saadr\Desktop\UserFlow\App\feedback-platform\node_modules\@img\sharp-linux-s390x
102 silly reify mark deleted [
102 silly reify   'C:\\Users\\saadr\\Desktop\\UserFlow\\App\\feedback-platform\\node_modules\\@img\\sharp-linux-s390x'
102 silly reify ]
103 verbose reify failed optional dependency C:\Users\saadr\Desktop\UserFlow\App\feedback-platform\node_modules\@img\sharp-linux-arm64
104 silly reify mark deleted [
104 silly reify   'C:\\Users\\saadr\\Desktop\\UserFlow\\App\\feedback-platform\\node_modules\\@img\\sharp-linux-arm64'
104 silly reify ]
105 verbose reify failed optional dependency C:\Users\saadr\Desktop\UserFlow\App\feedback-platform\node_modules\@img\sharp-linux-arm
106 silly reify mark deleted [
106 silly reify   'C:\\Users\\saadr\\Desktop\\UserFlow\\App\\feedback-platform\\node_modules\\@img\\sharp-linux-arm'
106 silly reify ]
107 verbose reify failed optional dependency C:\Users\saadr\Desktop\UserFlow\App\feedback-platform\node_modules\@img\sharp-libvips-linuxmusl-x64
108 silly reify mark deleted [
108 silly reify   'C:\\Users\\saadr\\Desktop\\UserFlow\\App\\feedback-platform\\node_modules\\@img\\sharp-libvips-linuxmusl-x64'
108 silly reify ]
109 verbose reify failed optional dependency C:\Users\saadr\Desktop\UserFlow\App\feedback-platform\node_modules\@img\sharp-libvips-linuxmusl-arm64
110 silly reify mark deleted [
110 silly reify   'C:\\Users\\saadr\\Desktop\\UserFlow\\App\\feedback-platform\\node_modules\\@img\\sharp-libvips-linuxmusl-arm64'
110 silly reify ]
111 verbose reify failed optional dependency C:\Users\saadr\Desktop\UserFlow\App\feedback-platform\node_modules\@img\sharp-libvips-linux-x64
112 silly reify mark deleted [
112 silly reify   'C:\\Users\\saadr\\Desktop\\UserFlow\\App\\feedback-platform\\node_modules\\@img\\sharp-libvips-linux-x64'
112 silly reify ]
113 verbose reify failed optional dependency C:\Users\saadr\Desktop\UserFlow\App\feedback-platform\node_modules\@img\sharp-libvips-linux-s390x
114 silly reify mark deleted [
114 silly reify   'C:\\Users\\saadr\\Desktop\\UserFlow\\App\\feedback-platform\\node_modules\\@img\\sharp-libvips-linux-s390x'
114 silly reify ]
115 verbose reify failed optional dependency C:\Users\saadr\Desktop\UserFlow\App\feedback-platform\node_modules\@img\sharp-libvips-linux-arm64
116 silly reify mark deleted [
116 silly reify   'C:\\Users\\saadr\\Desktop\\UserFlow\\App\\feedback-platform\\node_modules\\@img\\sharp-libvips-linux-arm64'
116 silly reify ]
117 verbose reify failed optional dependency C:\Users\saadr\Desktop\UserFlow\App\feedback-platform\node_modules\@img\sharp-libvips-linux-arm
118 silly reify mark deleted [
118 silly reify   'C:\\Users\\saadr\\Desktop\\UserFlow\\App\\feedback-platform\\node_modules\\@img\\sharp-libvips-linux-arm'
118 silly reify ]
119 verbose reify failed optional dependency C:\Users\saadr\Desktop\UserFlow\App\feedback-platform\node_modules\@img\sharp-libvips-darwin-x64
120 silly reify mark deleted [
120 silly reify   'C:\\Users\\saadr\\Desktop\\UserFlow\\App\\feedback-platform\\node_modules\\@img\\sharp-libvips-darwin-x64'
120 silly reify ]
121 verbose reify failed optional dependency C:\Users\saadr\Desktop\UserFlow\App\feedback-platform\node_modules\@img\sharp-libvips-darwin-arm64
122 silly reify mark deleted [
122 silly reify   'C:\\Users\\saadr\\Desktop\\UserFlow\\App\\feedback-platform\\node_modules\\@img\\sharp-libvips-darwin-arm64'
122 silly reify ]
123 verbose reify failed optional dependency C:\Users\saadr\Desktop\UserFlow\App\feedback-platform\node_modules\@img\sharp-darwin-x64
124 silly reify mark deleted [
124 silly reify   'C:\\Users\\saadr\\Desktop\\UserFlow\\App\\feedback-platform\\node_modules\\@img\\sharp-darwin-x64'
124 silly reify ]
125 verbose reify failed optional dependency C:\Users\saadr\Desktop\UserFlow\App\feedback-platform\node_modules\@img\sharp-darwin-arm64
126 silly reify mark deleted [
126 silly reify   'C:\\Users\\saadr\\Desktop\\UserFlow\\App\\feedback-platform\\node_modules\\@img\\sharp-darwin-arm64'
126 silly reify ]
127 http fetch POST 200 https://registry.npmjs.org/-/npm/v1/security/advisories/bulk 1085ms
128 silly audit report {}
129 silly ADD
130 silly ADD
131 silly ADD
132 silly ADD
133 silly ADD
134 silly ADD
135 silly ADD
136 silly ADD
137 silly ADD
138 silly ADD
139 silly ADD
140 silly ADD
141 silly ADD
142 silly ADD
143 silly ADD
144 silly ADD
145 silly ADD
146 silly ADD
147 silly ADD
148 silly ADD
149 silly ADD
150 silly ADD
151 silly ADD
152 silly ADD
153 silly ADD
154 silly ADD
155 silly ADD
156 verbose cwd C:\Users\saadr\Desktop\UserFlow\App\feedback-platform
157 verbose os Windows_NT 10.0.22631
158 verbose node v23.3.0
159 verbose npm  v10.9.0
160 verbose exit 0
161 info ok
