0 verbose cli C:\Program Files\nodejs\node.exe C:\Program Files\nodejs\node_modules\npm\bin\npm-cli.js
1 info using npm@10.9.0
2 info using node@v23.3.0
3 silly config load:file:C:\Program Files\nodejs\node_modules\npm\npmrc
4 silly config load:file:C:\Users\saadr\Desktop\UserFlow\App\feedback-platform\.npmrc
5 silly config load:file:C:\Users\saadr\.npmrc
6 silly config load:file:C:\Users\saadr\AppData\Roaming\npm\etc\npmrc
7 verbose title npm install next-themes
8 verbose argv "install" "next-themes"
9 verbose logfile logs-max:10 dir:C:\Users\saadr\Desktop\UserFlow\App\feedback-platform\%APPDATA%\npm-cache\_logs\2024-12-04T20_47_47_796Z-
10 verbose logfile C:\Users\saadr\Desktop\UserFlow\App\feedback-platform\%APPDATA%\npm-cache\_logs\2024-12-04T20_47_47_796Z-debug-0.log
11 silly logfile start cleaning logs, removing 1 files
12 silly packumentCache heap:4345298944 maxSize:1086324736 maxEntrySize:543162368
13 silly logfile done cleaning log files
14 silly idealTree buildDeps
15 silly fetch manifest next-themes@*
16 silly packumentCache full:https://registry.npmjs.org/next-themes cache-miss
17 http fetch GET 200 https://registry.npmjs.org/next-themes 910ms (cache miss)
18 silly packumentCache full:https://registry.npmjs.org/next-themes set size:undefined disposed:false
19 silly fetch manifest react@19.0.0-rc-66855b96-20241106
20 silly packumentCache full:https://registry.npmjs.org/react cache-miss
21 http fetch GET 200 https://registry.npmjs.org/react 203ms (cache revalidated)
22 silly packumentCache full:https://registry.npmjs.org/react set size:5200078 disposed:false
23 silly fetch manifest react-dom@19.0.0-rc-66855b96-20241106
24 silly packumentCache full:https://registry.npmjs.org/react-dom cache-miss
25 http fetch GET 200 https://registry.npmjs.org/react-dom 209ms (cache revalidated)
26 silly packumentCache full:https://registry.npmjs.org/react-dom set size:6390145 disposed:false
27 silly placeDep ROOT next-themes@0.4.3 OK for: feedback-platform@0.1.0 want: *
28 silly fetch manifest react@^16.8.0 || ^17.0.0 || ^18.0.0
29 silly packumentCache full:https://registry.npmjs.org/react cache-miss
30 http fetch GET 200 https://registry.npmjs.org/react 20ms (cache hit)
31 silly packumentCache full:https://registry.npmjs.org/react set size:5200078 disposed:false
32 warn ERESOLVE overriding peer dependency {
32 warn ERESOLVE   code: 'ERESOLVE',
32 warn ERESOLVE   edge: {
32 warn ERESOLVE     type: 'peer',
32 warn ERESOLVE     name: 'react',
32 warn ERESOLVE     spec: '^16.8.0 || ^17.0.0 || ^18.0.0',
32 warn ERESOLVE     error: 'INVALID',
32 warn ERESOLVE     from: {
32 warn ERESOLVE       name: 'react-remove-scroll',
32 warn ERESOLVE       version: '2.6.0',
32 warn ERESOLVE       location: 'node_modules/@radix-ui/react-menu/node_modules/react-remove-scroll',
32 warn ERESOLVE       isWorkspace: false,
32 warn ERESOLVE       dependents: [Array]
32 warn ERESOLVE     }
32 warn ERESOLVE   },
32 warn ERESOLVE   dep: {
32 warn ERESOLVE     name: 'react',
32 warn ERESOLVE     version: '18.3.1',
32 warn ERESOLVE     whileInstalling: {
32 warn ERESOLVE       name: 'react-remove-scroll',
32 warn ERESOLVE       version: '2.6.0',
32 warn ERESOLVE       path: 'C:\\Users\\saadr\\Desktop\\UserFlow\\App\\feedback-platform\\node_modules\\@radix-ui\\react-menu\\node_modules\\react-remove-scroll'
32 warn ERESOLVE     },
32 warn ERESOLVE     location: 'node_modules/react',
32 warn ERESOLVE     isWorkspace: false,
32 warn ERESOLVE     dependents: [ [Object] ]
32 warn ERESOLVE   },
32 warn ERESOLVE   force: false,
32 warn ERESOLVE   isMine: false,
32 warn ERESOLVE   strictPeerDeps: false,
32 warn ERESOLVE   current: {
32 warn ERESOLVE     name: 'react',
32 warn ERESOLVE     version: '19.0.0-rc-66855b96-20241106',
32 warn ERESOLVE     location: 'node_modules/react',
32 warn ERESOLVE     isWorkspace: false,
32 warn ERESOLVE     dependents: [
32 warn ERESOLVE       [Object], [Object], [Object],
32 warn ERESOLVE       [Object], [Object], [Object],
32 warn ERESOLVE       [Object], [Object], [Object],
32 warn ERESOLVE       [Object], [Object], [Object],
32 warn ERESOLVE       [Object], [Object], [Object],
32 warn ERESOLVE       [Object], [Object], [Object],
32 warn ERESOLVE       [Object], [Object], [Object],
32 warn ERESOLVE       [Object], [Object], [Object],
32 warn ERESOLVE       [Object], [Object], [Object],
32 warn ERESOLVE       [Object], [Object], [Object],
32 warn ERESOLVE       [Object], [Object], [Object],
32 warn ERESOLVE       [Object]
32 warn ERESOLVE     ]
32 warn ERESOLVE   },
32 warn ERESOLVE   peerConflict: {
32 warn ERESOLVE     current: {
32 warn ERESOLVE       name: 'react',
32 warn ERESOLVE       version: '19.0.0-rc-66855b96-20241106',
32 warn ERESOLVE       location: 'node_modules/react',
32 warn ERESOLVE       isWorkspace: false,
32 warn ERESOLVE       dependents: [Array]
32 warn ERESOLVE     },
32 warn ERESOLVE     peer: {
32 warn ERESOLVE       name: 'react',
32 warn ERESOLVE       version: '18.3.1',
32 warn ERESOLVE       whileInstalling: [Object],
32 warn ERESOLVE       location: 'node_modules/react',
32 warn ERESOLVE       isWorkspace: false,
32 warn ERESOLVE       dependents: [Array]
32 warn ERESOLVE     }
32 warn ERESOLVE   }
32 warn ERESOLVE }
33 silly fetch manifest react@>=16.8.0
34 silly packumentCache full:https://registry.npmjs.org/react cache-miss
35 http fetch GET 200 https://registry.npmjs.org/react 24ms (cache hit)
36 silly packumentCache full:https://registry.npmjs.org/react set size:5200078 disposed:false
37 silly fetch manifest react-dom@>=16.8.0
38 silly packumentCache full:https://registry.npmjs.org/react-dom cache-miss
39 http fetch GET 200 https://registry.npmjs.org/react-dom 21ms (cache hit)
40 silly packumentCache full:https://registry.npmjs.org/react-dom set size:6390145 disposed:false
41 warn ERESOLVE overriding peer dependency {
41 warn ERESOLVE   code: 'ERESOLVE',
41 warn ERESOLVE   edge: {
41 warn ERESOLVE     type: 'peer',
41 warn ERESOLVE     name: 'react',
41 warn ERESOLVE     spec: '>=16.8.0',
41 warn ERESOLVE     error: 'INVALID',
41 warn ERESOLVE     from: {
41 warn ERESOLVE       name: '@floating-ui/react-dom',
41 warn ERESOLVE       version: '2.1.2',
41 warn ERESOLVE       location: 'node_modules/@radix-ui/react-popper/node_modules/@floating-ui/react-dom',
41 warn ERESOLVE       isWorkspace: false,
41 warn ERESOLVE       dependents: [Array]
41 warn ERESOLVE     }
41 warn ERESOLVE   },
41 warn ERESOLVE   dep: {
41 warn ERESOLVE     name: 'react',
41 warn ERESOLVE     version: '18.3.1',
41 warn ERESOLVE     whileInstalling: {
41 warn ERESOLVE       name: '@floating-ui/react-dom',
41 warn ERESOLVE       version: '2.1.2',
41 warn ERESOLVE       path: 'C:\\Users\\saadr\\Desktop\\UserFlow\\App\\feedback-platform\\node_modules\\@radix-ui\\react-popper\\node_modules\\@floating-ui\\react-dom'
41 warn ERESOLVE     },
41 warn ERESOLVE     location: 'node_modules/react',
41 warn ERESOLVE     isWorkspace: false,
41 warn ERESOLVE     dependents: [ [Object] ]
41 warn ERESOLVE   },
41 warn ERESOLVE   force: false,
41 warn ERESOLVE   isMine: false,
41 warn ERESOLVE   strictPeerDeps: false,
41 warn ERESOLVE   current: {
41 warn ERESOLVE     name: 'react',
41 warn ERESOLVE     version: '19.0.0-rc-66855b96-20241106',
41 warn ERESOLVE     location: 'node_modules/react',
41 warn ERESOLVE     isWorkspace: false,
41 warn ERESOLVE     dependents: [
41 warn ERESOLVE       [Object], [Object], [Object],
41 warn ERESOLVE       [Object], [Object], [Object],
41 warn ERESOLVE       [Object], [Object], [Object],
41 warn ERESOLVE       [Object], [Object], [Object],
41 warn ERESOLVE       [Object], [Object], [Object],
41 warn ERESOLVE       [Object], [Object], [Object],
41 warn ERESOLVE       [Object], [Object], [Object],
41 warn ERESOLVE       [Object], [Object], [Object],
41 warn ERESOLVE       [Object], [Object], [Object],
41 warn ERESOLVE       [Object], [Object], [Object],
41 warn ERESOLVE       [Object], [Object], [Object],
41 warn ERESOLVE       [Object]
41 warn ERESOLVE     ]
41 warn ERESOLVE   },
41 warn ERESOLVE   peerConflict: {
41 warn ERESOLVE     current: {
41 warn ERESOLVE       name: 'react',
41 warn ERESOLVE       version: '19.0.0-rc-66855b96-20241106',
41 warn ERESOLVE       location: 'node_modules/react',
41 warn ERESOLVE       isWorkspace: false,
41 warn ERESOLVE       dependents: [Array]
41 warn ERESOLVE     },
41 warn ERESOLVE     peer: {
41 warn ERESOLVE       name: 'react',
41 warn ERESOLVE       version: '18.3.1',
41 warn ERESOLVE       whileInstalling: [Object],
41 warn ERESOLVE       location: 'node_modules/react',
41 warn ERESOLVE       isWorkspace: false,
41 warn ERESOLVE       dependents: [Array]
41 warn ERESOLVE     }
41 warn ERESOLVE   }
41 warn ERESOLVE }
42 warn ERESOLVE overriding peer dependency {
42 warn ERESOLVE   code: 'ERESOLVE',
42 warn ERESOLVE   edge: {
42 warn ERESOLVE     type: 'peer',
42 warn ERESOLVE     name: 'react-dom',
42 warn ERESOLVE     spec: '>=16.8.0',
42 warn ERESOLVE     error: 'INVALID',
42 warn ERESOLVE     from: {
42 warn ERESOLVE       name: '@floating-ui/react-dom',
42 warn ERESOLVE       version: '2.1.2',
42 warn ERESOLVE       location: 'node_modules/@radix-ui/react-popper/node_modules/@floating-ui/react-dom',
42 warn ERESOLVE       isWorkspace: false,
42 warn ERESOLVE       dependents: [Array]
42 warn ERESOLVE     }
42 warn ERESOLVE   },
42 warn ERESOLVE   dep: {
42 warn ERESOLVE     name: 'react-dom',
42 warn ERESOLVE     version: '18.3.1',
42 warn ERESOLVE     whileInstalling: {
42 warn ERESOLVE       name: '@floating-ui/react-dom',
42 warn ERESOLVE       version: '2.1.2',
42 warn ERESOLVE       path: 'C:\\Users\\saadr\\Desktop\\UserFlow\\App\\feedback-platform\\node_modules\\@radix-ui\\react-popper\\node_modules\\@floating-ui\\react-dom'
42 warn ERESOLVE     },
42 warn ERESOLVE     location: 'node_modules/react-dom',
42 warn ERESOLVE     isWorkspace: false,
42 warn ERESOLVE     dependents: [ [Object] ]
42 warn ERESOLVE   },
42 warn ERESOLVE   force: false,
42 warn ERESOLVE   isMine: false,
42 warn ERESOLVE   strictPeerDeps: false,
42 warn ERESOLVE   current: {
42 warn ERESOLVE     name: 'react-dom',
42 warn ERESOLVE     version: '19.0.0-rc-66855b96-20241106',
42 warn ERESOLVE     location: 'node_modules/react-dom',
42 warn ERESOLVE     isWorkspace: false,
42 warn ERESOLVE     dependents: [
42 warn ERESOLVE       [Object], [Object],
42 warn ERESOLVE       [Object], [Object],
42 warn ERESOLVE       [Object], [Object],
42 warn ERESOLVE       [Object], [Object],
42 warn ERESOLVE       [Object], [Object],
42 warn ERESOLVE       [Object], [Object],
42 warn ERESOLVE       [Object], [Object],
42 warn ERESOLVE       [Object], [Object]
42 warn ERESOLVE     ]
42 warn ERESOLVE   },
42 warn ERESOLVE   peerConflict: {
42 warn ERESOLVE     current: {
42 warn ERESOLVE       name: 'react-dom',
42 warn ERESOLVE       version: '19.0.0-rc-66855b96-20241106',
42 warn ERESOLVE       location: 'node_modules/react-dom',
42 warn ERESOLVE       isWorkspace: false,
42 warn ERESOLVE       dependents: [Array]
42 warn ERESOLVE     },
42 warn ERESOLVE     peer: {
42 warn ERESOLVE       name: 'react-dom',
42 warn ERESOLVE       version: '18.3.1',
42 warn ERESOLVE       whileInstalling: [Object],
42 warn ERESOLVE       location: 'node_modules/react-dom',
42 warn ERESOLVE       isWorkspace: false,
42 warn ERESOLVE       dependents: [Array]
42 warn ERESOLVE     }
42 warn ERESOLVE   }
42 warn ERESOLVE }
43 warn ERESOLVE overriding peer dependency {
43 warn ERESOLVE   code: 'ERESOLVE',
43 warn ERESOLVE   edge: {
43 warn ERESOLVE     type: 'peer',
43 warn ERESOLVE     name: 'react',
43 warn ERESOLVE     spec: '^16.8.0 || ^17.0.0 || ^18.0.0',
43 warn ERESOLVE     error: 'INVALID',
43 warn ERESOLVE     from: {
43 warn ERESOLVE       name: 'react-remove-scroll-bar',
43 warn ERESOLVE       version: '2.3.6',
43 warn ERESOLVE       location: 'node_modules/@radix-ui/react-menu/node_modules/react-remove-scroll/node_modules/react-remove-scroll-bar',
43 warn ERESOLVE       isWorkspace: false,
43 warn ERESOLVE       dependents: [Array]
43 warn ERESOLVE     }
43 warn ERESOLVE   },
43 warn ERESOLVE   dep: {
43 warn ERESOLVE     name: 'react',
43 warn ERESOLVE     version: '18.3.1',
43 warn ERESOLVE     whileInstalling: {
43 warn ERESOLVE       name: 'react-remove-scroll-bar',
43 warn ERESOLVE       version: '2.3.6',
43 warn ERESOLVE       path: 'C:\\Users\\saadr\\Desktop\\UserFlow\\App\\feedback-platform\\node_modules\\@radix-ui\\react-menu\\node_modules\\react-remove-scroll\\node_modules\\react-remove-scroll-bar'
43 warn ERESOLVE     },
43 warn ERESOLVE     location: 'node_modules/react',
43 warn ERESOLVE     isWorkspace: false,
43 warn ERESOLVE     dependents: [ [Object] ]
43 warn ERESOLVE   },
43 warn ERESOLVE   force: false,
43 warn ERESOLVE   isMine: false,
43 warn ERESOLVE   strictPeerDeps: false,
43 warn ERESOLVE   current: {
43 warn ERESOLVE     name: 'react',
43 warn ERESOLVE     version: '19.0.0-rc-66855b96-20241106',
43 warn ERESOLVE     location: 'node_modules/react',
43 warn ERESOLVE     isWorkspace: false,
43 warn ERESOLVE     dependents: [
43 warn ERESOLVE       [Object], [Object], [Object],
43 warn ERESOLVE       [Object], [Object], [Object],
43 warn ERESOLVE       [Object], [Object], [Object],
43 warn ERESOLVE       [Object], [Object], [Object],
43 warn ERESOLVE       [Object], [Object], [Object],
43 warn ERESOLVE       [Object], [Object], [Object],
43 warn ERESOLVE       [Object], [Object], [Object],
43 warn ERESOLVE       [Object], [Object], [Object],
43 warn ERESOLVE       [Object], [Object], [Object],
43 warn ERESOLVE       [Object], [Object], [Object],
43 warn ERESOLVE       [Object], [Object], [Object],
43 warn ERESOLVE       [Object]
43 warn ERESOLVE     ]
43 warn ERESOLVE   },
43 warn ERESOLVE   peerConflict: {
43 warn ERESOLVE     current: {
43 warn ERESOLVE       name: 'react',
43 warn ERESOLVE       version: '19.0.0-rc-66855b96-20241106',
43 warn ERESOLVE       location: 'node_modules/react',
43 warn ERESOLVE       isWorkspace: false,
43 warn ERESOLVE       dependents: [Array]
43 warn ERESOLVE     },
43 warn ERESOLVE     peer: {
43 warn ERESOLVE       name: 'react',
43 warn ERESOLVE       version: '18.3.1',
43 warn ERESOLVE       whileInstalling: [Object],
43 warn ERESOLVE       location: 'node_modules/react',
43 warn ERESOLVE       isWorkspace: false,
43 warn ERESOLVE       dependents: [Array]
43 warn ERESOLVE     }
43 warn ERESOLVE   }
43 warn ERESOLVE }
44 warn ERESOLVE overriding peer dependency {
44 warn ERESOLVE   code: 'ERESOLVE',
44 warn ERESOLVE   edge: {
44 warn ERESOLVE     type: 'peer',
44 warn ERESOLVE     name: 'react',
44 warn ERESOLVE     spec: '^16.8.0 || ^17.0.0 || ^18.0.0',
44 warn ERESOLVE     error: 'INVALID',
44 warn ERESOLVE     from: {
44 warn ERESOLVE       name: 'react-style-singleton',
44 warn ERESOLVE       version: '2.2.1',
44 warn ERESOLVE       location: 'node_modules/@radix-ui/react-menu/node_modules/react-remove-scroll/node_modules/react-style-singleton',
44 warn ERESOLVE       isWorkspace: false,
44 warn ERESOLVE       dependents: [Array]
44 warn ERESOLVE     }
44 warn ERESOLVE   },
44 warn ERESOLVE   dep: {
44 warn ERESOLVE     name: 'react',
44 warn ERESOLVE     version: '18.3.1',
44 warn ERESOLVE     whileInstalling: {
44 warn ERESOLVE       name: 'react-style-singleton',
44 warn ERESOLVE       version: '2.2.1',
44 warn ERESOLVE       path: 'C:\\Users\\saadr\\Desktop\\UserFlow\\App\\feedback-platform\\node_modules\\@radix-ui\\react-menu\\node_modules\\react-remove-scroll\\node_modules\\react-style-singleton'
44 warn ERESOLVE     },
44 warn ERESOLVE     location: 'node_modules/react',
44 warn ERESOLVE     isWorkspace: false,
44 warn ERESOLVE     dependents: [ [Object] ]
44 warn ERESOLVE   },
44 warn ERESOLVE   force: false,
44 warn ERESOLVE   isMine: false,
44 warn ERESOLVE   strictPeerDeps: false,
44 warn ERESOLVE   current: {
44 warn ERESOLVE     name: 'react',
44 warn ERESOLVE     version: '19.0.0-rc-66855b96-20241106',
44 warn ERESOLVE     location: 'node_modules/react',
44 warn ERESOLVE     isWorkspace: false,
44 warn ERESOLVE     dependents: [
44 warn ERESOLVE       [Object], [Object], [Object],
44 warn ERESOLVE       [Object], [Object], [Object],
44 warn ERESOLVE       [Object], [Object], [Object],
44 warn ERESOLVE       [Object], [Object], [Object],
44 warn ERESOLVE       [Object], [Object], [Object],
44 warn ERESOLVE       [Object], [Object], [Object],
44 warn ERESOLVE       [Object], [Object], [Object],
44 warn ERESOLVE       [Object], [Object], [Object],
44 warn ERESOLVE       [Object], [Object], [Object],
44 warn ERESOLVE       [Object], [Object], [Object],
44 warn ERESOLVE       [Object], [Object], [Object],
44 warn ERESOLVE       [Object]
44 warn ERESOLVE     ]
44 warn ERESOLVE   },
44 warn ERESOLVE   peerConflict: {
44 warn ERESOLVE     current: {
44 warn ERESOLVE       name: 'react',
44 warn ERESOLVE       version: '19.0.0-rc-66855b96-20241106',
44 warn ERESOLVE       location: 'node_modules/react',
44 warn ERESOLVE       isWorkspace: false,
44 warn ERESOLVE       dependents: [Array]
44 warn ERESOLVE     },
44 warn ERESOLVE     peer: {
44 warn ERESOLVE       name: 'react',
44 warn ERESOLVE       version: '18.3.1',
44 warn ERESOLVE       whileInstalling: [Object],
44 warn ERESOLVE       location: 'node_modules/react',
44 warn ERESOLVE       isWorkspace: false,
44 warn ERESOLVE       dependents: [Array]
44 warn ERESOLVE     }
44 warn ERESOLVE   }
44 warn ERESOLVE }
45 warn ERESOLVE overriding peer dependency {
45 warn ERESOLVE   code: 'ERESOLVE',
45 warn ERESOLVE   edge: {
45 warn ERESOLVE     type: 'peer',
45 warn ERESOLVE     name: 'react',
45 warn ERESOLVE     spec: '^16.8.0 || ^17.0.0 || ^18.0.0',
45 warn ERESOLVE     error: 'INVALID',
45 warn ERESOLVE     from: {
45 warn ERESOLVE       name: 'use-callback-ref',
45 warn ERESOLVE       version: '1.3.2',
45 warn ERESOLVE       location: 'node_modules/@radix-ui/react-menu/node_modules/react-remove-scroll/node_modules/use-callback-ref',
45 warn ERESOLVE       isWorkspace: false,
45 warn ERESOLVE       dependents: [Array]
45 warn ERESOLVE     }
45 warn ERESOLVE   },
45 warn ERESOLVE   dep: {
45 warn ERESOLVE     name: 'react',
45 warn ERESOLVE     version: '18.3.1',
45 warn ERESOLVE     whileInstalling: {
45 warn ERESOLVE       name: 'use-callback-ref',
45 warn ERESOLVE       version: '1.3.2',
45 warn ERESOLVE       path: 'C:\\Users\\saadr\\Desktop\\UserFlow\\App\\feedback-platform\\node_modules\\@radix-ui\\react-menu\\node_modules\\react-remove-scroll\\node_modules\\use-callback-ref'
45 warn ERESOLVE     },
45 warn ERESOLVE     location: 'node_modules/react',
45 warn ERESOLVE     isWorkspace: false,
45 warn ERESOLVE     dependents: [ [Object] ]
45 warn ERESOLVE   },
45 warn ERESOLVE   force: false,
45 warn ERESOLVE   isMine: false,
45 warn ERESOLVE   strictPeerDeps: false,
45 warn ERESOLVE   current: {
45 warn ERESOLVE     name: 'react',
45 warn ERESOLVE     version: '19.0.0-rc-66855b96-20241106',
45 warn ERESOLVE     location: 'node_modules/react',
45 warn ERESOLVE     isWorkspace: false,
45 warn ERESOLVE     dependents: [
45 warn ERESOLVE       [Object], [Object], [Object],
45 warn ERESOLVE       [Object], [Object], [Object],
45 warn ERESOLVE       [Object], [Object], [Object],
45 warn ERESOLVE       [Object], [Object], [Object],
45 warn ERESOLVE       [Object], [Object], [Object],
45 warn ERESOLVE       [Object], [Object], [Object],
45 warn ERESOLVE       [Object], [Object], [Object],
45 warn ERESOLVE       [Object], [Object], [Object],
45 warn ERESOLVE       [Object], [Object], [Object],
45 warn ERESOLVE       [Object], [Object], [Object],
45 warn ERESOLVE       [Object], [Object], [Object],
45 warn ERESOLVE       [Object]
45 warn ERESOLVE     ]
45 warn ERESOLVE   },
45 warn ERESOLVE   peerConflict: {
45 warn ERESOLVE     current: {
45 warn ERESOLVE       name: 'react',
45 warn ERESOLVE       version: '19.0.0-rc-66855b96-20241106',
45 warn ERESOLVE       location: 'node_modules/react',
45 warn ERESOLVE       isWorkspace: false,
45 warn ERESOLVE       dependents: [Array]
45 warn ERESOLVE     },
45 warn ERESOLVE     peer: {
45 warn ERESOLVE       name: 'react',
45 warn ERESOLVE       version: '18.3.1',
45 warn ERESOLVE       whileInstalling: [Object],
45 warn ERESOLVE       location: 'node_modules/react',
45 warn ERESOLVE       isWorkspace: false,
45 warn ERESOLVE       dependents: [Array]
45 warn ERESOLVE     }
45 warn ERESOLVE   }
45 warn ERESOLVE }
46 warn ERESOLVE overriding peer dependency {
46 warn ERESOLVE   code: 'ERESOLVE',
46 warn ERESOLVE   edge: {
46 warn ERESOLVE     type: 'peer',
46 warn ERESOLVE     name: 'react',
46 warn ERESOLVE     spec: '^16.8.0 || ^17.0.0 || ^18.0.0',
46 warn ERESOLVE     error: 'INVALID',
46 warn ERESOLVE     from: {
46 warn ERESOLVE       name: 'use-sidecar',
46 warn ERESOLVE       version: '1.1.2',
46 warn ERESOLVE       location: 'node_modules/@radix-ui/react-menu/node_modules/react-remove-scroll/node_modules/use-sidecar',
46 warn ERESOLVE       isWorkspace: false,
46 warn ERESOLVE       dependents: [Array]
46 warn ERESOLVE     }
46 warn ERESOLVE   },
46 warn ERESOLVE   dep: {
46 warn ERESOLVE     name: 'react',
46 warn ERESOLVE     version: '18.3.1',
46 warn ERESOLVE     whileInstalling: {
46 warn ERESOLVE       name: 'use-sidecar',
46 warn ERESOLVE       version: '1.1.2',
46 warn ERESOLVE       path: 'C:\\Users\\saadr\\Desktop\\UserFlow\\App\\feedback-platform\\node_modules\\@radix-ui\\react-menu\\node_modules\\react-remove-scroll\\node_modules\\use-sidecar'
46 warn ERESOLVE     },
46 warn ERESOLVE     location: 'node_modules/react',
46 warn ERESOLVE     isWorkspace: false,
46 warn ERESOLVE     dependents: [ [Object] ]
46 warn ERESOLVE   },
46 warn ERESOLVE   force: false,
46 warn ERESOLVE   isMine: false,
46 warn ERESOLVE   strictPeerDeps: false,
46 warn ERESOLVE   current: {
46 warn ERESOLVE     name: 'react',
46 warn ERESOLVE     version: '19.0.0-rc-66855b96-20241106',
46 warn ERESOLVE     location: 'node_modules/react',
46 warn ERESOLVE     isWorkspace: false,
46 warn ERESOLVE     dependents: [
46 warn ERESOLVE       [Object], [Object], [Object],
46 warn ERESOLVE       [Object], [Object], [Object],
46 warn ERESOLVE       [Object], [Object], [Object],
46 warn ERESOLVE       [Object], [Object], [Object],
46 warn ERESOLVE       [Object], [Object], [Object],
46 warn ERESOLVE       [Object], [Object], [Object],
46 warn ERESOLVE       [Object], [Object], [Object],
46 warn ERESOLVE       [Object], [Object], [Object],
46 warn ERESOLVE       [Object], [Object], [Object],
46 warn ERESOLVE       [Object], [Object], [Object],
46 warn ERESOLVE       [Object], [Object], [Object],
46 warn ERESOLVE       [Object]
46 warn ERESOLVE     ]
46 warn ERESOLVE   },
46 warn ERESOLVE   peerConflict: {
46 warn ERESOLVE     current: {
46 warn ERESOLVE       name: 'react',
46 warn ERESOLVE       version: '19.0.0-rc-66855b96-20241106',
46 warn ERESOLVE       location: 'node_modules/react',
46 warn ERESOLVE       isWorkspace: false,
46 warn ERESOLVE       dependents: [Array]
46 warn ERESOLVE     },
46 warn ERESOLVE     peer: {
46 warn ERESOLVE       name: 'react',
46 warn ERESOLVE       version: '18.3.1',
46 warn ERESOLVE       whileInstalling: [Object],
46 warn ERESOLVE       location: 'node_modules/react',
46 warn ERESOLVE       isWorkspace: false,
46 warn ERESOLVE       dependents: [Array]
46 warn ERESOLVE     }
46 warn ERESOLVE   }
46 warn ERESOLVE }
47 silly reify moves {}
48 silly audit bulk request {
48 silly audit   '@alloc/quick-lru': [ '5.2.0' ],
48 silly audit   '@emnapi/runtime': [ '1.3.1' ],
48 silly audit   '@eslint-community/eslint-utils': [ '4.4.1' ],
48 silly audit   '@eslint-community/regexpp': [ '4.12.1' ],
48 silly audit   '@eslint/eslintrc': [ '2.1.4' ],
48 silly audit   '@eslint/js': [ '8.57.1' ],
48 silly audit   '@floating-ui/core': [ '1.6.8' ],
48 silly audit   '@floating-ui/dom': [ '1.6.12' ],
48 silly audit   '@floating-ui/utils': [ '0.2.8' ],
48 silly audit   '@humanwhocodes/config-array': [ '0.13.0' ],
48 silly audit   '@humanwhocodes/module-importer': [ '1.0.1' ],
48 silly audit   '@humanwhocodes/object-schema': [ '2.0.3' ],
48 silly audit   '@img/sharp-darwin-arm64': [ '0.33.5' ],
48 silly audit   '@img/sharp-darwin-x64': [ '0.33.5' ],
48 silly audit   '@img/sharp-libvips-darwin-arm64': [ '1.0.4' ],
48 silly audit   '@img/sharp-libvips-darwin-x64': [ '1.0.4' ],
48 silly audit   '@img/sharp-libvips-linux-arm': [ '1.0.5' ],
48 silly audit   '@img/sharp-libvips-linux-arm64': [ '1.0.4' ],
48 silly audit   '@img/sharp-libvips-linux-s390x': [ '1.0.4' ],
48 silly audit   '@img/sharp-libvips-linux-x64': [ '1.0.4' ],
48 silly audit   '@img/sharp-libvips-linuxmusl-arm64': [ '1.0.4' ],
48 silly audit   '@img/sharp-libvips-linuxmusl-x64': [ '1.0.4' ],
48 silly audit   '@img/sharp-linux-arm': [ '0.33.5' ],
48 silly audit   '@img/sharp-linux-arm64': [ '0.33.5' ],
48 silly audit   '@img/sharp-linux-s390x': [ '0.33.5' ],
48 silly audit   '@img/sharp-linux-x64': [ '0.33.5' ],
48 silly audit   '@img/sharp-linuxmusl-arm64': [ '0.33.5' ],
48 silly audit   '@img/sharp-linuxmusl-x64': [ '0.33.5' ],
48 silly audit   '@img/sharp-wasm32': [ '0.33.5' ],
48 silly audit   '@img/sharp-win32-ia32': [ '0.33.5' ],
48 silly audit   '@img/sharp-win32-x64': [ '0.33.5' ],
48 silly audit   '@isaacs/cliui': [ '8.0.2' ],
48 silly audit   'ansi-regex': [ '6.1.0', '5.0.1' ],
48 silly audit   'strip-ansi': [ '7.1.0', '6.0.1' ],
48 silly audit   '@jridgewell/gen-mapping': [ '0.3.5' ],
48 silly audit   '@jridgewell/resolve-uri': [ '3.1.2' ],
48 silly audit   '@jridgewell/set-array': [ '1.2.1' ],
48 silly audit   '@jridgewell/sourcemap-codec': [ '1.5.0' ],
48 silly audit   '@jridgewell/trace-mapping': [ '0.3.25' ],
48 silly audit   '@next/env': [ '15.0.3' ],
48 silly audit   '@next/eslint-plugin-next': [ '15.0.3' ],
48 silly audit   '@next/swc-darwin-arm64': [ '15.0.3' ],
48 silly audit   '@next/swc-darwin-x64': [ '15.0.3' ],
48 silly audit   '@next/swc-linux-arm64-gnu': [ '15.0.3' ],
48 silly audit   '@next/swc-linux-arm64-musl': [ '15.0.3' ],
48 silly audit   '@next/swc-linux-x64-gnu': [ '15.0.3' ],
48 silly audit   '@next/swc-linux-x64-musl': [ '15.0.3' ],
48 silly audit   '@next/swc-win32-arm64-msvc': [ '15.0.3' ],
48 silly audit   '@next/swc-win32-x64-msvc': [ '15.0.3' ],
48 silly audit   '@nodelib/fs.scandir': [ '2.1.5' ],
48 silly audit   '@nodelib/fs.stat': [ '2.0.5' ],
48 silly audit   '@nodelib/fs.walk': [ '1.2.8' ],
48 silly audit   '@nolyfill/is-core-module': [ '1.0.39' ],
48 silly audit   '@pkgjs/parseargs': [ '0.11.0' ],
48 silly audit   '@radix-ui/primitive': [ '1.1.0' ],
48 silly audit   '@radix-ui/react-arrow': [ '1.1.0' ],
48 silly audit   '@radix-ui/react-avatar': [ '1.1.1' ],
48 silly audit   '@radix-ui/react-collection': [ '1.1.0' ],
48 silly audit   '@radix-ui/react-context': [ '1.1.0', '1.1.1' ],
48 silly audit   '@radix-ui/react-compose-refs': [ '1.1.0' ],
48 silly audit   '@radix-ui/react-direction': [ '1.1.0' ],
48 silly audit   '@radix-ui/react-dismissable-layer': [ '1.1.1' ],
48 silly audit   '@radix-ui/react-dropdown-menu': [ '2.1.2' ],
48 silly audit   '@radix-ui/react-focus-guards': [ '1.1.1' ],
48 silly audit   '@radix-ui/react-focus-scope': [ '1.1.0' ],
48 silly audit   '@radix-ui/react-id': [ '1.1.0' ],
48 silly audit   '@radix-ui/react-label': [ '2.1.0' ],
48 silly audit   '@radix-ui/react-menu': [ '2.1.2' ],
48 silly audit   'react-remove-scroll': [ '2.6.0' ],
48 silly audit   'react-remove-scroll-bar': [ '2.3.6' ],
48 silly audit   'react-style-singleton': [ '2.2.1' ],
48 silly audit   'use-callback-ref': [ '1.3.2' ],
48 silly audit   'use-sidecar': [ '1.1.2' ],
48 silly audit   '@radix-ui/react-popper': [ '1.2.0' ],
48 silly audit   '@floating-ui/react-dom': [ '2.1.2' ],
48 silly audit   '@radix-ui/react-portal': [ '1.1.2' ],
48 silly audit   '@radix-ui/react-presence': [ '1.1.1' ],
48 silly audit   '@radix-ui/react-primitive': [ '2.0.0' ],
48 silly audit   '@radix-ui/react-roving-focus': [ '1.1.0' ],
48 silly audit   '@radix-ui/react-slot': [ '1.1.0' ],
48 silly audit   '@radix-ui/react-use-callback-ref': [ '1.1.0' ],
48 silly audit   '@radix-ui/react-use-controllable-state': [ '1.1.0' ],
48 silly audit   '@radix-ui/react-use-escape-keydown': [ '1.1.0' ],
48 silly audit   '@radix-ui/react-use-layout-effect': [ '1.1.0' ],
48 silly audit   '@radix-ui/react-use-rect': [ '1.1.0' ],
48 silly audit   '@radix-ui/react-use-size': [ '1.1.0' ],
48 silly audit   '@radix-ui/rect': [ '1.1.0' ],
48 silly audit   '@rtsao/scc': [ '1.1.0' ],
48 silly audit   '@rushstack/eslint-patch': [ '1.10.4' ],
48 silly audit   '@swc/counter': [ '0.1.3' ],
48 silly audit   '@swc/helpers': [ '0.5.13' ],
48 silly audit   '@types/json5': [ '0.0.29' ],
48 silly audit   '@types/node': [ '20.17.9' ],
48 silly audit   '@types/prop-types': [ '15.7.13' ],
48 silly audit   '@types/react': [ '18.3.13' ],
48 silly audit   '@types/react-dom': [ '18.3.1' ],
48 silly audit   '@typescript-eslint/eslint-plugin': [ '8.17.0' ],
48 silly audit   '@typescript-eslint/parser': [ '8.17.0' ],
48 silly audit   '@typescript-eslint/scope-manager': [ '8.17.0' ],
48 silly audit   '@typescript-eslint/type-utils': [ '8.17.0' ],
48 silly audit   '@typescript-eslint/types': [ '8.17.0' ],
48 silly audit   '@typescript-eslint/typescript-estree': [ '8.17.0' ],
48 silly audit   'brace-expansion': [ '2.0.1', '1.1.11' ],
48 silly audit   'fast-glob': [ '3.3.2', '3.3.1' ],
48 silly audit   'glob-parent': [ '5.1.2', '6.0.2' ],
48 silly audit   minimatch: [ '9.0.5', '3.1.2' ],
48 silly audit   '@typescript-eslint/utils': [ '8.17.0' ],
48 silly audit   '@typescript-eslint/visitor-keys': [ '8.17.0' ],
48 silly audit   'eslint-visitor-keys': [ '4.2.0', '3.4.3' ],
48 silly audit   '@ungap/structured-clone': [ '1.2.0' ],
48 silly audit   acorn: [ '8.14.0' ],
48 silly audit   'acorn-jsx': [ '5.3.2' ],
48 silly audit   ajv: [ '6.12.6' ],
48 silly audit   'ansi-styles': [ '4.3.0', '6.2.1' ],
48 silly audit   'any-promise': [ '1.3.0' ],
48 silly audit   anymatch: [ '3.1.3' ],
48 silly audit   arg: [ '5.0.2' ],
48 silly audit   argparse: [ '2.0.1' ],
48 silly audit   'aria-hidden': [ '1.2.4' ],
48 silly audit   'aria-query': [ '5.3.2' ],
48 silly audit   'array-buffer-byte-length': [ '1.0.1' ],
48 silly audit   'array-includes': [ '3.1.8' ],
48 silly audit   'array.prototype.findlast': [ '1.2.5' ],
48 silly audit   'array.prototype.findlastindex': [ '1.2.5' ],
48 silly audit   'array.prototype.flat': [ '1.3.2' ],
48 silly audit   'array.prototype.flatmap': [ '1.3.2' ],
48 silly audit   'array.prototype.tosorted': [ '1.1.4' ],
48 silly audit   'arraybuffer.prototype.slice': [ '1.0.3' ],
48 silly audit   'ast-types-flow': [ '0.0.8' ],
48 silly audit   'available-typed-arrays': [ '1.0.7' ],
48 silly audit   'axe-core': [ '4.10.2' ],
48 silly audit   'axobject-query': [ '4.1.0' ],
48 silly audit   'balanced-match': [ '1.0.2' ],
48 silly audit   'binary-extensions': [ '2.3.0' ],
48 silly audit   braces: [ '3.0.3' ],
48 silly audit   busboy: [ '1.6.0' ],
48 silly audit   'call-bind': [ '1.0.7' ],
48 silly audit   callsites: [ '3.1.0' ],
48 silly audit   'camelcase-css': [ '2.0.1' ],
48 silly audit   'caniuse-lite': [ '1.0.30001686' ],
48 silly audit   chalk: [ '4.1.2' ],
48 silly audit   chokidar: [ '3.6.0' ],
48 silly audit   'class-variance-authority': [ '0.7.1' ],
48 silly audit   'client-only': [ '0.0.1' ],
48 silly audit   clsx: [ '2.1.1' ],
48 silly audit   color: [ '4.2.3' ],
48 silly audit   'color-convert': [ '2.0.1' ],
48 silly audit   'color-name': [ '1.1.4' ],
48 silly audit   'color-string': [ '1.9.1' ],
48 silly audit   commander: [ '4.1.1' ],
48 silly audit   'concat-map': [ '0.0.1' ],
48 silly audit   'cross-spawn': [ '7.0.6' ],
48 silly audit   cssesc: [ '3.0.0' ],
48 silly audit   csstype: [ '3.1.3' ],
48 silly audit   'damerau-levenshtein': [ '1.0.8' ],
48 silly audit   'data-view-buffer': [ '1.0.1' ],
48 silly audit   'data-view-byte-length': [ '1.0.1' ],
48 silly audit   'data-view-byte-offset': [ '1.0.0' ],
48 silly audit   debug: [ '4.3.7', '3.2.7' ],
48 silly audit   'deep-is': [ '0.1.4' ],
48 silly audit   'define-data-property': [ '1.1.4' ],
48 silly audit   'define-properties': [ '1.2.1' ],
48 silly audit   'detect-libc': [ '2.0.3' ],
48 silly audit   'detect-node-es': [ '1.1.0' ],
48 silly audit   didyoumean: [ '1.2.2' ],
48 silly audit   dlv: [ '1.1.3' ],
48 silly audit   doctrine: [ '3.0.0', '2.1.0' ],
48 silly audit   eastasianwidth: [ '0.2.0' ],
48 silly audit   'emoji-regex': [ '9.2.2', '8.0.0' ],
48 silly audit   'enhanced-resolve': [ '5.17.1' ],
48 silly audit   'es-abstract': [ '1.23.5' ],
48 silly audit   'es-define-property': [ '1.0.0' ],
48 silly audit   'es-errors': [ '1.3.0' ],
48 silly audit   'es-iterator-helpers': [ '1.2.0' ],
48 silly audit   'es-object-atoms': [ '1.0.0' ],
48 silly audit   'es-set-tostringtag': [ '2.0.3' ],
48 silly audit   'es-shim-unscopables': [ '1.0.2' ],
48 silly audit   'es-to-primitive': [ '1.3.0' ],
48 silly audit   'escape-string-regexp': [ '4.0.0' ],
48 silly audit   eslint: [ '8.57.1' ],
48 silly audit   'eslint-config-next': [ '15.0.3' ],
48 silly audit   'eslint-import-resolver-node': [ '0.3.9' ],
48 silly audit   'eslint-import-resolver-typescript': [ '3.7.0' ],
48 silly audit   'eslint-module-utils': [ '2.12.0' ],
48 silly audit   'eslint-plugin-import': [ '2.31.0' ],
48 silly audit   semver: [ '6.3.1', '7.6.3' ],
48 silly audit   'eslint-plugin-jsx-a11y': [ '6.10.2' ],
48 silly audit   'eslint-plugin-react': [ '7.37.2' ],
48 silly audit   'eslint-plugin-react-hooks': [ '5.0.0' ],
48 silly audit   resolve: [ '2.0.0-next.5', '1.22.8' ],
48 silly audit   'eslint-scope': [ '7.2.2' ],
48 silly audit   espree: [ '9.6.1' ],
48 silly audit   esquery: [ '1.6.0' ],
48 silly audit   esrecurse: [ '4.3.0' ],
48 silly audit   estraverse: [ '5.3.0' ],
48 silly audit   esutils: [ '2.0.3' ],
48 silly audit   'fast-deep-equal': [ '3.1.3' ],
48 silly audit   'fast-json-stable-stringify': [ '2.1.0' ],
48 silly audit   'fast-levenshtein': [ '2.0.6' ],
48 silly audit   fastq: [ '1.17.1' ],
48 silly audit   'file-entry-cache': [ '6.0.1' ],
48 silly audit   'fill-range': [ '7.1.1' ],
48 silly audit   'find-up': [ '5.0.0' ],
48 silly audit   'flat-cache': [ '3.2.0' ],
48 silly audit   flatted: [ '3.3.2' ],
48 silly audit   'for-each': [ '0.3.3' ],
48 silly audit   'foreground-child': [ '3.3.0' ],
48 silly audit   'fs.realpath': [ '1.0.0' ],
48 silly audit   fsevents: [ '2.3.3' ],
48 silly audit   'function-bind': [ '1.1.2' ],
48 silly audit   'function.prototype.name': [ '1.1.6' ],
48 silly audit   'functions-have-names': [ '1.2.3' ],
48 silly audit   'get-intrinsic': [ '1.2.4' ],
48 silly audit   'get-nonce': [ '1.0.1' ],
48 silly audit   'get-symbol-description': [ '1.0.2' ],
48 silly audit   'get-tsconfig': [ '4.8.1' ],
48 silly audit   glob: [ '7.2.3', '10.4.5' ],
48 silly audit   globals: [ '13.24.0' ],
48 silly audit   globalthis: [ '1.0.4' ],
48 silly audit   gopd: [ '1.2.0' ],
48 silly audit   'graceful-fs': [ '4.2.11' ],
48 silly audit   graphemer: [ '1.4.0' ],
48 silly audit   'has-bigints': [ '1.0.2' ],
48 silly audit   'has-flag': [ '4.0.0' ],
48 silly audit   'has-property-descriptors': [ '1.0.2' ],
48 silly audit   'has-proto': [ '1.1.0' ],
48 silly audit   'has-symbols': [ '1.1.0' ],
48 silly audit   'has-tostringtag': [ '1.0.2' ],
48 silly audit   hasown: [ '2.0.2' ],
48 silly audit   ignore: [ '5.3.2' ],
48 silly audit   'import-fresh': [ '3.3.0' ],
48 silly audit   imurmurhash: [ '0.1.4' ],
48 silly audit   inflight: [ '1.0.6' ],
48 silly audit   inherits: [ '2.0.4' ],
48 silly audit   'internal-slot': [ '1.0.7' ],
48 silly audit   invariant: [ '2.2.4' ],
48 silly audit   'is-array-buffer': [ '3.0.4' ],
48 silly audit   'is-arrayish': [ '0.3.2' ],
48 silly audit   'is-async-function': [ '2.0.0' ],
48 silly audit   'is-bigint': [ '1.1.0' ],
48 silly audit   'is-binary-path': [ '2.1.0' ],
48 silly audit   'is-boolean-object': [ '1.2.0' ],
48 silly audit   'is-bun-module': [ '1.3.0' ],
48 silly audit   'is-callable': [ '1.2.7' ],
48 silly audit   'is-core-module': [ '2.15.1' ],
48 silly audit   'is-data-view': [ '1.0.1' ],
48 silly audit   'is-date-object': [ '1.0.5' ],
48 silly audit   'is-extglob': [ '2.1.1' ],
48 silly audit   'is-finalizationregistry': [ '1.1.0' ],
48 silly audit   'is-fullwidth-code-point': [ '3.0.0' ],
48 silly audit   'is-generator-function': [ '1.0.10' ],
48 silly audit   'is-glob': [ '4.0.3' ],
48 silly audit   'is-map': [ '2.0.3' ],
48 silly audit   'is-negative-zero': [ '2.0.3' ],
48 silly audit   'is-number': [ '7.0.0' ],
48 silly audit   'is-number-object': [ '1.1.0' ],
48 silly audit   'is-path-inside': [ '3.0.3' ],
48 silly audit   'is-regex': [ '1.2.0' ],
48 silly audit   'is-set': [ '2.0.3' ],
48 silly audit   'is-shared-array-buffer': [ '1.0.3' ],
48 silly audit   'is-string': [ '1.1.0' ],
48 silly audit   'is-symbol': [ '1.1.0' ],
48 silly audit   'is-typed-array': [ '1.1.13' ],
48 silly audit   'is-weakmap': [ '2.0.2' ],
48 silly audit   'is-weakref': [ '1.0.2' ],
48 silly audit   'is-weakset': [ '2.0.3' ],
48 silly audit   isarray: [ '2.0.5' ],
48 silly audit   isexe: [ '2.0.0' ],
48 silly audit   'iterator.prototype': [ '1.1.3' ],
48 silly audit   jackspeak: [ '3.4.3' ],
48 silly audit   jiti: [ '1.21.6' ],
48 silly audit   'js-tokens': [ '4.0.0' ],
48 silly audit   'js-yaml': [ '4.1.0' ],
48 silly audit   'json-buffer': [ '3.0.1' ],
48 silly audit   'json-schema-traverse': [ '0.4.1' ],
48 silly audit   'json-stable-stringify-without-jsonify': [ '1.0.1' ],
48 silly audit   json5: [ '1.0.2' ],
48 silly audit   'jsx-ast-utils': [ '3.3.5' ],
48 silly audit   keyv: [ '4.5.4' ],
48 silly audit   'language-subtag-registry': [ '0.3.23' ],
48 silly audit   'language-tags': [ '1.0.9' ],
48 silly audit   levn: [ '0.4.1' ],
48 silly audit   lilconfig: [ '3.1.3' ],
48 silly audit   'lines-and-columns': [ '1.2.4' ],
48 silly audit   'locate-path': [ '6.0.0' ],
48 silly audit   'lodash.merge': [ '4.6.2' ],
48 silly audit   'loose-envify': [ '1.4.0' ],
48 silly audit   'lru-cache': [ '10.4.3' ],
48 silly audit   'lucide-react': [ '0.465.0' ],
48 silly audit   merge2: [ '1.4.1' ],
48 silly audit   micromatch: [ '4.0.8' ],
48 silly audit   minimist: [ '1.2.8' ],
48 silly audit   minipass: [ '7.1.2' ],
48 silly audit   ms: [ '2.1.3' ],
48 silly audit   mz: [ '2.7.0' ],
48 silly audit   nanoid: [ '3.3.8' ],
48 silly audit   'natural-compare': [ '1.4.0' ],
48 silly audit   next: [ '15.0.3' ],
48 silly audit   postcss: [ '8.4.31', '8.4.49' ],
48 silly audit   'normalize-path': [ '3.0.0' ],
48 silly audit   'object-assign': [ '4.1.1' ],
48 silly audit   'object-hash': [ '3.0.0' ],
48 silly audit   'object-inspect': [ '1.13.3' ],
48 silly audit   'object-keys': [ '1.1.1' ],
48 silly audit   'object.assign': [ '4.1.5' ],
48 silly audit   'object.entries': [ '1.1.8' ],
48 silly audit   'object.fromentries': [ '2.0.8' ],
48 silly audit   'object.groupby': [ '1.0.3' ],
48 silly audit   'object.values': [ '1.2.0' ],
48 silly audit   once: [ '1.4.0' ],
48 silly audit   optionator: [ '0.9.4' ],
48 silly audit   'p-limit': [ '3.1.0' ],
48 silly audit   'p-locate': [ '5.0.0' ],
48 silly audit   'package-json-from-dist': [ '1.0.1' ],
48 silly audit   'parent-module': [ '1.0.1' ],
48 silly audit   'path-exists': [ '4.0.0' ],
48 silly audit   'path-is-absolute': [ '1.0.1' ],
48 silly audit   'path-key': [ '3.1.1' ],
48 silly audit   'path-parse': [ '1.0.7' ],
48 silly audit   'path-scurry': [ '1.11.1' ],
48 silly audit   picocolors: [ '1.1.1' ],
48 silly audit   picomatch: [ '2.3.1' ],
48 silly audit   pify: [ '2.3.0' ],
48 silly audit   pirates: [ '4.0.6' ],
48 silly audit   'possible-typed-array-names': [ '1.0.0' ],
48 silly audit   'postcss-import': [ '15.1.0' ],
48 silly audit   'postcss-js': [ '4.0.1' ],
48 silly audit   'postcss-load-config': [ '4.0.2' ],
48 silly audit   'postcss-nested': [ '6.2.0' ],
48 silly audit   'postcss-selector-parser': [ '6.1.2' ],
48 silly audit   'postcss-value-parser': [ '4.2.0' ],
48 silly audit   'prelude-ls': [ '1.2.1' ],
48 silly audit   'prop-types': [ '15.8.1' ],
48 silly audit   punycode: [ '2.3.1' ],
48 silly audit   'queue-microtask': [ '1.2.3' ],
48 silly audit   react: [ '19.0.0-rc-66855b96-20241106' ],
48 silly audit   'react-dom': [ '19.0.0-rc-66855b96-20241106' ],
48 silly audit   'react-is': [ '16.13.1' ],
48 silly audit   'read-cache': [ '1.0.0' ],
48 silly audit   readdirp: [ '3.6.0' ],
48 silly audit   'reflect.getprototypeof': [ '1.0.7' ],
48 silly audit   'regexp.prototype.flags': [ '1.5.3' ],
48 silly audit   'resolve-from': [ '4.0.0' ],
48 silly audit   'resolve-pkg-maps': [ '1.0.0' ],
48 silly audit   reusify: [ '1.0.4' ],
48 silly audit   rimraf: [ '3.0.2' ],
48 silly audit   'run-parallel': [ '1.2.0' ],
48 silly audit   'safe-array-concat': [ '1.1.2' ],
48 silly audit   'safe-regex-test': [ '1.0.3' ],
48 silly audit   scheduler: [ '0.25.0-rc-66855b96-20241106' ],
48 silly audit   'set-function-length': [ '1.2.2' ],
48 silly audit   'set-function-name': [ '2.0.2' ],
48 silly audit   sharp: [ '0.33.5' ],
48 silly audit   'shebang-command': [ '2.0.0' ],
48 silly audit   'shebang-regex': [ '3.0.0' ],
48 silly audit   'side-channel': [ '1.0.6' ],
48 silly audit   'signal-exit': [ '4.1.0' ],
48 silly audit   'simple-swizzle': [ '0.2.2' ],
48 silly audit   'source-map-js': [ '1.2.1' ],
48 silly audit   'stable-hash': [ '0.0.4' ],
48 silly audit   streamsearch: [ '1.1.0' ],
48 silly audit   'string-width': [ '5.1.2', '4.2.3' ],
48 silly audit   'string.prototype.includes': [ '2.0.1' ],
48 silly audit   'string.prototype.matchall': [ '4.0.11' ],
48 silly audit   'string.prototype.repeat': [ '1.0.0' ],
48 silly audit   'string.prototype.trim': [ '1.2.9' ],
48 silly audit   'string.prototype.trimend': [ '1.0.8' ],
48 silly audit   'string.prototype.trimstart': [ '1.0.8' ],
48 silly audit   'strip-bom': [ '3.0.0' ],
48 silly audit   'strip-json-comments': [ '3.1.1' ],
48 silly audit   'styled-jsx': [ '5.1.6' ],
48 silly audit   sucrase: [ '3.35.0' ],
48 silly audit   'supports-color': [ '7.2.0' ],
48 silly audit   'supports-preserve-symlinks-flag': [ '1.0.0' ],
48 silly audit   'tailwind-merge': [ '2.5.5' ],
48 silly audit   tailwindcss: [ '3.4.16' ],
48 silly audit   'tailwindcss-animate': [ '1.0.7' ],
48 silly audit   tapable: [ '2.2.1' ],
48 silly audit   'text-table': [ '0.2.0' ],
48 silly audit   thenify: [ '3.3.1' ],
48 silly audit   'thenify-all': [ '1.6.0' ],
48 silly audit   'to-regex-range': [ '5.0.1' ],
48 silly audit   'ts-api-utils': [ '1.4.3' ],
48 silly audit   'ts-interface-checker': [ '0.1.13' ],
48 silly audit   'tsconfig-paths': [ '3.15.0' ],
48 silly audit   tslib: [ '2.8.1' ],
48 silly audit   'type-check': [ '0.4.0' ],
48 silly audit   'type-fest': [ '0.20.2' ],
48 silly audit   'typed-array-buffer': [ '1.0.2' ],
48 silly audit   'typed-array-byte-length': [ '1.0.1' ],
48 silly audit   'typed-array-byte-offset': [ '1.0.3' ],
48 silly audit   'typed-array-length': [ '1.0.7' ],
48 silly audit   typescript: [ '5.7.2' ],
48 silly audit   'unbox-primitive': [ '1.0.2' ],
48 silly audit   'undici-types': [ '6.19.8' ],
48 silly audit   'uri-js': [ '4.4.1' ],
48 silly audit   'util-deprecate': [ '1.0.2' ],
48 silly audit   which: [ '2.0.2' ],
48 silly audit   'which-boxed-primitive': [ '1.1.0' ],
48 silly audit   'which-builtin-type': [ '1.2.0' ],
48 silly audit   'which-collection': [ '1.0.2' ],
48 silly audit   'which-typed-array': [ '1.1.16' ],
48 silly audit   'word-wrap': [ '1.2.5' ],
48 silly audit   'wrap-ansi': [ '8.1.0', '7.0.0' ],
48 silly audit   wrappy: [ '1.0.2' ],
48 silly audit   yaml: [ '2.6.1' ],
48 silly audit   'yocto-queue': [ '0.1.0' ],
48 silly audit   'next-themes': [ '0.4.3' ]
48 silly audit }
49 verbose reify failed optional dependency C:\Users\saadr\Desktop\UserFlow\App\feedback-platform\node_modules\fsevents
50 silly reify mark deleted [
50 silly reify   'C:\\Users\\saadr\\Desktop\\UserFlow\\App\\feedback-platform\\node_modules\\fsevents'
50 silly reify ]
51 verbose reify failed optional dependency C:\Users\saadr\Desktop\UserFlow\App\feedback-platform\node_modules\@next\swc-win32-arm64-msvc
52 silly reify mark deleted [
52 silly reify   'C:\\Users\\saadr\\Desktop\\UserFlow\\App\\feedback-platform\\node_modules\\@next\\swc-win32-arm64-msvc'
52 silly reify ]
53 verbose reify failed optional dependency C:\Users\saadr\Desktop\UserFlow\App\feedback-platform\node_modules\@next\swc-linux-x64-musl
54 silly reify mark deleted [
54 silly reify   'C:\\Users\\saadr\\Desktop\\UserFlow\\App\\feedback-platform\\node_modules\\@next\\swc-linux-x64-musl'
54 silly reify ]
55 verbose reify failed optional dependency C:\Users\saadr\Desktop\UserFlow\App\feedback-platform\node_modules\@next\swc-linux-x64-gnu
56 silly reify mark deleted [
56 silly reify   'C:\\Users\\saadr\\Desktop\\UserFlow\\App\\feedback-platform\\node_modules\\@next\\swc-linux-x64-gnu'
56 silly reify ]
57 verbose reify failed optional dependency C:\Users\saadr\Desktop\UserFlow\App\feedback-platform\node_modules\@next\swc-linux-arm64-musl
58 silly reify mark deleted [
58 silly reify   'C:\\Users\\saadr\\Desktop\\UserFlow\\App\\feedback-platform\\node_modules\\@next\\swc-linux-arm64-musl'
58 silly reify ]
59 verbose reify failed optional dependency C:\Users\saadr\Desktop\UserFlow\App\feedback-platform\node_modules\@next\swc-linux-arm64-gnu
60 silly reify mark deleted [
60 silly reify   'C:\\Users\\saadr\\Desktop\\UserFlow\\App\\feedback-platform\\node_modules\\@next\\swc-linux-arm64-gnu'
60 silly reify ]
61 verbose reify failed optional dependency C:\Users\saadr\Desktop\UserFlow\App\feedback-platform\node_modules\@next\swc-darwin-x64
62 silly reify mark deleted [
62 silly reify   'C:\\Users\\saadr\\Desktop\\UserFlow\\App\\feedback-platform\\node_modules\\@next\\swc-darwin-x64'
62 silly reify ]
63 verbose reify failed optional dependency C:\Users\saadr\Desktop\UserFlow\App\feedback-platform\node_modules\@next\swc-darwin-arm64
64 silly reify mark deleted [
64 silly reify   'C:\\Users\\saadr\\Desktop\\UserFlow\\App\\feedback-platform\\node_modules\\@next\\swc-darwin-arm64'
64 silly reify ]
65 verbose reify failed optional dependency C:\Users\saadr\Desktop\UserFlow\App\feedback-platform\node_modules\@img\sharp-win32-ia32
66 silly reify mark deleted [
66 silly reify   'C:\\Users\\saadr\\Desktop\\UserFlow\\App\\feedback-platform\\node_modules\\@img\\sharp-win32-ia32'
66 silly reify ]
67 verbose reify failed optional dependency C:\Users\saadr\Desktop\UserFlow\App\feedback-platform\node_modules\@img\sharp-wasm32
68 silly reify mark deleted [
68 silly reify   'C:\\Users\\saadr\\Desktop\\UserFlow\\App\\feedback-platform\\node_modules\\@img\\sharp-wasm32'
68 silly reify ]
69 verbose reify failed optional dependency C:\Users\saadr\Desktop\UserFlow\App\feedback-platform\node_modules\@emnapi\runtime
70 silly reify mark deleted [
70 silly reify   'C:\\Users\\saadr\\Desktop\\UserFlow\\App\\feedback-platform\\node_modules\\@emnapi\\runtime'
70 silly reify ]
71 verbose reify failed optional dependency C:\Users\saadr\Desktop\UserFlow\App\feedback-platform\node_modules\@img\sharp-linuxmusl-x64
72 silly reify mark deleted [
72 silly reify   'C:\\Users\\saadr\\Desktop\\UserFlow\\App\\feedback-platform\\node_modules\\@img\\sharp-linuxmusl-x64'
72 silly reify ]
73 verbose reify failed optional dependency C:\Users\saadr\Desktop\UserFlow\App\feedback-platform\node_modules\@img\sharp-linuxmusl-arm64
74 silly reify mark deleted [
74 silly reify   'C:\\Users\\saadr\\Desktop\\UserFlow\\App\\feedback-platform\\node_modules\\@img\\sharp-linuxmusl-arm64'
74 silly reify ]
75 verbose reify failed optional dependency C:\Users\saadr\Desktop\UserFlow\App\feedback-platform\node_modules\@img\sharp-linux-x64
76 silly reify mark deleted [
76 silly reify   'C:\\Users\\saadr\\Desktop\\UserFlow\\App\\feedback-platform\\node_modules\\@img\\sharp-linux-x64'
76 silly reify ]
77 verbose reify failed optional dependency C:\Users\saadr\Desktop\UserFlow\App\feedback-platform\node_modules\@img\sharp-linux-s390x
78 silly reify mark deleted [
78 silly reify   'C:\\Users\\saadr\\Desktop\\UserFlow\\App\\feedback-platform\\node_modules\\@img\\sharp-linux-s390x'
78 silly reify ]
79 verbose reify failed optional dependency C:\Users\saadr\Desktop\UserFlow\App\feedback-platform\node_modules\@img\sharp-linux-arm64
80 silly reify mark deleted [
80 silly reify   'C:\\Users\\saadr\\Desktop\\UserFlow\\App\\feedback-platform\\node_modules\\@img\\sharp-linux-arm64'
80 silly reify ]
81 verbose reify failed optional dependency C:\Users\saadr\Desktop\UserFlow\App\feedback-platform\node_modules\@img\sharp-linux-arm
82 silly reify mark deleted [
82 silly reify   'C:\\Users\\saadr\\Desktop\\UserFlow\\App\\feedback-platform\\node_modules\\@img\\sharp-linux-arm'
82 silly reify ]
83 verbose reify failed optional dependency C:\Users\saadr\Desktop\UserFlow\App\feedback-platform\node_modules\@img\sharp-libvips-linuxmusl-x64
84 silly reify mark deleted [
84 silly reify   'C:\\Users\\saadr\\Desktop\\UserFlow\\App\\feedback-platform\\node_modules\\@img\\sharp-libvips-linuxmusl-x64'
84 silly reify ]
85 verbose reify failed optional dependency C:\Users\saadr\Desktop\UserFlow\App\feedback-platform\node_modules\@img\sharp-libvips-linuxmusl-arm64
86 silly reify mark deleted [
86 silly reify   'C:\\Users\\saadr\\Desktop\\UserFlow\\App\\feedback-platform\\node_modules\\@img\\sharp-libvips-linuxmusl-arm64'
86 silly reify ]
87 verbose reify failed optional dependency C:\Users\saadr\Desktop\UserFlow\App\feedback-platform\node_modules\@img\sharp-libvips-linux-x64
88 silly reify mark deleted [
88 silly reify   'C:\\Users\\saadr\\Desktop\\UserFlow\\App\\feedback-platform\\node_modules\\@img\\sharp-libvips-linux-x64'
88 silly reify ]
89 verbose reify failed optional dependency C:\Users\saadr\Desktop\UserFlow\App\feedback-platform\node_modules\@img\sharp-libvips-linux-s390x
90 silly reify mark deleted [
90 silly reify   'C:\\Users\\saadr\\Desktop\\UserFlow\\App\\feedback-platform\\node_modules\\@img\\sharp-libvips-linux-s390x'
90 silly reify ]
91 verbose reify failed optional dependency C:\Users\saadr\Desktop\UserFlow\App\feedback-platform\node_modules\@img\sharp-libvips-linux-arm64
92 silly reify mark deleted [
92 silly reify   'C:\\Users\\saadr\\Desktop\\UserFlow\\App\\feedback-platform\\node_modules\\@img\\sharp-libvips-linux-arm64'
92 silly reify ]
93 verbose reify failed optional dependency C:\Users\saadr\Desktop\UserFlow\App\feedback-platform\node_modules\@img\sharp-libvips-linux-arm
94 silly reify mark deleted [
94 silly reify   'C:\\Users\\saadr\\Desktop\\UserFlow\\App\\feedback-platform\\node_modules\\@img\\sharp-libvips-linux-arm'
94 silly reify ]
95 verbose reify failed optional dependency C:\Users\saadr\Desktop\UserFlow\App\feedback-platform\node_modules\@img\sharp-libvips-darwin-x64
96 silly reify mark deleted [
96 silly reify   'C:\\Users\\saadr\\Desktop\\UserFlow\\App\\feedback-platform\\node_modules\\@img\\sharp-libvips-darwin-x64'
96 silly reify ]
97 verbose reify failed optional dependency C:\Users\saadr\Desktop\UserFlow\App\feedback-platform\node_modules\@img\sharp-libvips-darwin-arm64
98 silly reify mark deleted [
98 silly reify   'C:\\Users\\saadr\\Desktop\\UserFlow\\App\\feedback-platform\\node_modules\\@img\\sharp-libvips-darwin-arm64'
98 silly reify ]
99 verbose reify failed optional dependency C:\Users\saadr\Desktop\UserFlow\App\feedback-platform\node_modules\@img\sharp-darwin-x64
100 silly reify mark deleted [
100 silly reify   'C:\\Users\\saadr\\Desktop\\UserFlow\\App\\feedback-platform\\node_modules\\@img\\sharp-darwin-x64'
100 silly reify ]
101 verbose reify failed optional dependency C:\Users\saadr\Desktop\UserFlow\App\feedback-platform\node_modules\@img\sharp-darwin-arm64
102 silly reify mark deleted [
102 silly reify   'C:\\Users\\saadr\\Desktop\\UserFlow\\App\\feedback-platform\\node_modules\\@img\\sharp-darwin-arm64'
102 silly reify ]
103 silly tarball no local data for next-themes@https://registry.npmjs.org/next-themes/-/next-themes-0.4.3.tgz. Extracting by manifest.
104 http fetch POST 200 https://registry.npmjs.org/-/npm/v1/security/advisories/bulk 354ms
105 silly audit report {}
106 http fetch GET 200 https://registry.npmjs.org/next-themes/-/next-themes-0.4.3.tgz 1171ms (cache miss)
107 silly ADD node_modules/next-themes
108 silly ADD
109 silly ADD
110 silly ADD
111 silly ADD
112 silly ADD
113 silly ADD
114 silly ADD
115 silly ADD
116 silly ADD
117 silly ADD
118 silly ADD
119 silly ADD
120 silly ADD
121 silly ADD
122 silly ADD
123 silly ADD
124 silly ADD
125 silly ADD
126 silly ADD
127 silly ADD
128 silly ADD
129 silly ADD
130 silly ADD
131 silly ADD
132 silly ADD
133 silly ADD
134 silly ADD
135 verbose cwd C:\Users\saadr\Desktop\UserFlow\App\feedback-platform
136 verbose os Windows_NT 10.0.22631
137 verbose node v23.3.0
138 verbose npm  v10.9.0
139 verbose exit 0
140 info ok
